Using pre-set license
Built from '2020.3/staging' branch; Version is '2020.3.11f1 (99c7afb366b3) revision 10078127'; Using compiler version '192528614'; Build Type 'Release'
OS: 'Windows 10 Home; OS build 19044.1706; Version 2009; 64bit' Language: 'en' Physical Memory: 16310 MB
BatchMode: 1, IsHumanControllingUs: 0, StartBugReporterOnCrash: 0, Is64bit: 1, IsPro: 0

 COMMAND LINE ARGUMENTS:
C:\Program Files\unity\2020.3.11f1\Editor\Unity.exe
-adb2
-batchMode
-noUpm
-name
AssetImportWorker0
-projectPath
D:/UnityRepos/MissleComamnd/RocketCommand
-logFile
Logs/AssetImportWorker0.log
-srvPort
51990
Successfully changed project path to: D:/UnityRepos/MissleComamnd/RocketCommand
D:/UnityRepos/MissleComamnd/RocketCommand
Using Asset Import Pipeline V2.
Refreshing native plugins compatible for Editor in 33.64 ms, found 3 plugins.
Preloading 0 native plugins for Editor in 0.00 ms.
Initialize engine version: 2020.3.11f1 (99c7afb366b3)
[Subsystems] Discovering subsystems at path C:/Program Files/unity/2020.3.11f1/Editor/Data/Resources/UnitySubsystems
[Subsystems] Discovering subsystems at path D:/UnityRepos/MissleComamnd/RocketCommand/Assets
GfxDevice: creating device client; threaded=0
Direct3D:
    Version:  Direct3D 11.0 [level 11.1]
    Renderer: Radeon RX 580 Series (ID=0x67df)
    Vendor:   
    VRAM:     4075 MB
    Driver:   30.0.13023.4001
Initialize mono
Mono path[0] = 'C:/Program Files/unity/2020.3.11f1/Editor/Data/Managed'
Mono path[1] = 'C:/Program Files/unity/2020.3.11f1/Editor/Data/MonoBleedingEdge/lib/mono/unityjit'
Mono config path = 'C:/Program Files/unity/2020.3.11f1/Editor/Data/MonoBleedingEdge/etc'
Using monoOptions --debugger-agent=transport=dt_socket,embedding=1,server=y,suspend=n,address=127.0.0.1:56740
Begin MonoManager ReloadAssembly
Registering precompiled unity dll's ...
Register platform support module: C:/Program Files/unity/2020.3.11f1/Editor/Data/PlaybackEngines/WebGLSupport/UnityEditor.WebGL.Extensions.dll
Register platform support module: C:/Program Files/unity/2020.3.11f1/Editor/Data/PlaybackEngines/WindowsStandaloneSupport/UnityEditor.WindowsStandalone.Extensions.dll
Registered in 0.002020 seconds.
Native extension for WindowsStandalone target not found
Native extension for WebGL target not found
Refreshing native plugins compatible for Editor in 31.11 ms, found 3 plugins.
Preloading 0 native plugins for Editor in 0.00 ms.
Mono: successfully reloaded assembly
- Completed reload, in  1.477 seconds
Platform modules already initialized, skipping
Registering precompiled user dll's ...
Registered in 0.002831 seconds.
Begin MonoManager ReloadAssembly
Native extension for WindowsStandalone target not found
Native extension for WebGL target not found
Refreshing native plugins compatible for Editor in 31.10 ms, found 3 plugins.
Preloading 0 native plugins for Editor in 0.00 ms.
Mono: successfully reloaded assembly
- Completed reload, in  0.808 seconds
Platform modules already initialized, skipping
========================================================================
Worker process is ready to serve import requests
Launched and connected shader compiler UnityShaderCompiler.exe after 0.04 seconds
Refreshing native plugins compatible for Editor in 0.42 ms, found 3 plugins.
Preloading 0 native plugins for Editor in 0.00 ms.
Unloading 2081 Unused Serialized files (Serialized files now loaded: 0)
System memory in use before: 92.8 MB.
System memory in use after: 92.8 MB.

Unloading 33 unused Assets to reduce memory usage. Loaded Objects now: 2514.
Total: 1.907100 ms (FindLiveObjects: 0.139000 ms CreateObjectMapping: 0.051100 ms MarkObjects: 1.613400 ms  DeleteObjects: 0.102800 ms)

========================================================================
Received Import Request.
  path: Assets/EnemyRocket.prefab
  artifactKey: Guid(6e2c692ceb922ae4db903e1c9c67cabd) Importer(815301076,1909f56bfc062723c751e8b465ee728b)
Start importing Assets/EnemyRocket.prefab using Guid(6e2c692ceb922ae4db903e1c9c67cabd) Importer(815301076,1909f56bfc062723c751e8b465ee728b)  -> (artifact id: '76c01691ed1f3b6444bc8f53c9a38315') in 0.072310 seconds
  Import took 0.075017 seconds .

========================================================================
Received Prepare
Registering precompiled user dll's ...
Registered in 0.002994 seconds.
Begin MonoManager ReloadAssembly
Native extension for WindowsStandalone target not found
Native extension for WebGL target not found
Refreshing native plugins compatible for Editor in 0.42 ms, found 3 plugins.
Preloading 0 native plugins for Editor in 0.00 ms.
Mono: successfully reloaded assembly
- Completed reload, in  0.754 seconds
Platform modules already initialized, skipping
Refreshing native plugins compatible for Editor in 0.38 ms, found 3 plugins.
Preloading 0 native plugins for Editor in 0.00 ms.
Unloading 2077 Unused Serialized files (Serialized files now loaded: 0)
System memory in use before: 95.8 MB.
System memory in use after: 95.7 MB.

Unloading 21 unused Assets to reduce memory usage. Loaded Objects now: 2526.
Total: 1.972500 ms (FindLiveObjects: 0.154500 ms CreateObjectMapping: 0.054500 ms MarkObjects: 1.694200 ms  DeleteObjects: 0.068400 ms)

========================================================================
Received Import Request.
  Time since last request: 188.263111 seconds.
  path: Assets
  artifactKey: Guid(00000000000000001000000000000000) Importer(815301076,1909f56bfc062723c751e8b465ee728b)
Start importing Assets using Guid(00000000000000001000000000000000) Importer(815301076,1909f56bfc062723c751e8b465ee728b)  -> (artifact id: '42d402b061de3733987d63b9cc3b64de') in 0.045221 seconds
  Import took 0.048230 seconds .

========================================================================
Received Prepare
Registering precompiled user dll's ...
Registered in 0.007018 seconds.
Begin MonoManager ReloadAssembly
Native extension for WindowsStandalone target not found
Native extension for WebGL target not found
Refreshing native plugins compatible for Editor in 0.51 ms, found 3 plugins.
Preloading 0 native plugins for Editor in 0.00 ms.
Mono: successfully reloaded assembly
- Completed reload, in  1.495 seconds
Platform modules already initialized, skipping
Script is not up to date after domain reload: guid(59d220270a66d324582e14b6843ed126) path("Assets/E.cs") state(2)
Refreshing native plugins compatible for Editor in 0.46 ms, found 3 plugins.
Preloading 0 native plugins for Editor in 0.00 ms.
Unloading 2376 Unused Serialized files (Serialized files now loaded: 0)
System memory in use before: 111.3 MB.
System memory in use after: 111.4 MB.

Unloading 31 unused Assets to reduce memory usage. Loaded Objects now: 2820.
Total: 2.938800 ms (FindLiveObjects: 0.234700 ms CreateObjectMapping: 0.085300 ms MarkObjects: 2.511800 ms  DeleteObjects: 0.105900 ms)

========================================================================
Received Prepare
Registering precompiled user dll's ...
Registered in 0.010681 seconds.
Begin MonoManager ReloadAssembly
Native extension for WindowsStandalone target not found
Native extension for WebGL target not found
Refreshing native plugins compatible for Editor in 0.53 ms, found 3 plugins.
Preloading 0 native plugins for Editor in 0.00 ms.
Mono: successfully reloaded assembly
- Completed reload, in  0.976 seconds
Platform modules already initialized, skipping
Refreshing native plugins compatible for Editor in 0.49 ms, found 3 plugins.
Preloading 0 native plugins for Editor in 0.00 ms.
Unloading 2377 Unused Serialized files (Serialized files now loaded: 0)
System memory in use before: 111.4 MB.
System memory in use after: 111.5 MB.

Unloading 31 unused Assets to reduce memory usage. Loaded Objects now: 2826.
Total: 2.744300 ms (FindLiveObjects: 0.286600 ms CreateObjectMapping: 0.092100 ms MarkObjects: 2.272400 ms  DeleteObjects: 0.092300 ms)

========================================================================
Received Import Request.
  Time since last request: 27.206944 seconds.
  path: Assets/E.cs
  artifactKey: Guid(59d220270a66d324582e14b6843ed126) Importer(815301076,1909f56bfc062723c751e8b465ee728b)
Start importing Assets/E.cs using Guid(59d220270a66d324582e14b6843ed126) Importer(815301076,1909f56bfc062723c751e8b465ee728b)  -> (artifact id: 'e648a4bf7dd412af4d86d025c81fb9fb') in 0.011400 seconds
  Import took 0.092627 seconds .

========================================================================
Received Prepare
Registering precompiled user dll's ...
Registered in 0.006408 seconds.
Begin MonoManager ReloadAssembly
Native extension for WindowsStandalone target not found
Native extension for WebGL target not found
Refreshing native plugins compatible for Editor in 0.52 ms, found 3 plugins.
Preloading 0 native plugins for Editor in 0.00 ms.
Mono: successfully reloaded assembly
- Completed reload, in  0.874 seconds
Platform modules already initialized, skipping
Refreshing native plugins compatible for Editor in 0.47 ms, found 3 plugins.
Preloading 0 native plugins for Editor in 0.00 ms.
Unloading 2376 Unused Serialized files (Serialized files now loaded: 0)
System memory in use before: 111.4 MB.
System memory in use after: 111.5 MB.

Unloading 32 unused Assets to reduce memory usage. Loaded Objects now: 2830.
Total: 2.425000 ms (FindLiveObjects: 0.197500 ms CreateObjectMapping: 0.076300 ms MarkObjects: 2.076100 ms  DeleteObjects: 0.074400 ms)

========================================================================
Received Import Request.
  Time since last request: 33.982554 seconds.
  path: Assets/ObjectPooler.cs
  artifactKey: Guid(96bb4779df21834419ad6af41cf58771) Importer(815301076,1909f56bfc062723c751e8b465ee728b)
Start importing Assets/ObjectPooler.cs using Guid(96bb4779df21834419ad6af41cf58771) Importer(815301076,1909f56bfc062723c751e8b465ee728b)  -> (artifact id: '3f88a840d701964a7472ad72bcd4e1fe') in 0.006888 seconds
  Import took 0.009952 seconds .

========================================================================
Received Import Request.
  Time since last request: 0.002276 seconds.
  path: Assets/ObjectPooler.cs
  artifactKey: Guid(96bb4779df21834419ad6af41cf58771) Importer(815301076,1909f56bfc062723c751e8b465ee728b)
Start importing Assets/ObjectPooler.cs using Guid(96bb4779df21834419ad6af41cf58771) Importer(815301076,1909f56bfc062723c751e8b465ee728b)  -> (artifact id: '3f88a840d701964a7472ad72bcd4e1fe') in 0.001397 seconds
  Import took 0.004169 seconds .

========================================================================
Received Prepare
Registering precompiled user dll's ...
Registered in 0.005786 seconds.
Begin MonoManager ReloadAssembly
Native extension for WindowsStandalone target not found
Native extension for WebGL target not found
Refreshing native plugins compatible for Editor in 0.52 ms, found 3 plugins.
Preloading 0 native plugins for Editor in 0.00 ms.
Mono: successfully reloaded assembly
- Completed reload, in  0.888 seconds
Platform modules already initialized, skipping
Refreshing native plugins compatible for Editor in 0.50 ms, found 3 plugins.
Preloading 0 native plugins for Editor in 0.00 ms.
Unloading 2377 Unused Serialized files (Serialized files now loaded: 0)
System memory in use before: 111.5 MB.
System memory in use after: 111.5 MB.

Unloading 31 unused Assets to reduce memory usage. Loaded Objects now: 2836.
Total: 2.483800 ms (FindLiveObjects: 0.161300 ms CreateObjectMapping: 0.069200 ms MarkObjects: 2.156400 ms  DeleteObjects: 0.096100 ms)

========================================================================
Received Import Request.
  Time since last request: 28.408505 seconds.
  path: Assets/NukePooler.cs
  artifactKey: Guid(96bb4779df21834419ad6af41cf58771) Importer(815301076,1909f56bfc062723c751e8b465ee728b)
Start importing Assets/NukePooler.cs using Guid(96bb4779df21834419ad6af41cf58771) Importer(815301076,1909f56bfc062723c751e8b465ee728b)  -> (artifact id: '65596e2c9f400a49fe59c3c1484694d3') in 0.007046 seconds
  Import took 0.010090 seconds .

========================================================================
Received Import Request.
  Time since last request: 0.002285 seconds.
  path: Assets/NukePooler.cs
  artifactKey: Guid(96bb4779df21834419ad6af41cf58771) Importer(815301076,1909f56bfc062723c751e8b465ee728b)
Start importing Assets/NukePooler.cs using Guid(96bb4779df21834419ad6af41cf58771) Importer(815301076,1909f56bfc062723c751e8b465ee728b)  -> (artifact id: '65596e2c9f400a49fe59c3c1484694d3') in 0.001536 seconds
  Import took 0.003806 seconds .

========================================================================
Received Prepare
Registering precompiled user dll's ...
Registered in 0.005853 seconds.
Begin MonoManager ReloadAssembly
Native extension for WindowsStandalone target not found
Native extension for WebGL target not found
Refreshing native plugins compatible for Editor in 0.51 ms, found 3 plugins.
Preloading 0 native plugins for Editor in 0.00 ms.
Mono: successfully reloaded assembly
- Completed reload, in  0.844 seconds
Platform modules already initialized, skipping
Refreshing native plugins compatible for Editor in 0.83 ms, found 3 plugins.
Preloading 0 native plugins for Editor in 0.00 ms.
Unloading 2377 Unused Serialized files (Serialized files now loaded: 0)
System memory in use before: 111.5 MB.
System memory in use after: 111.5 MB.

Unloading 31 unused Assets to reduce memory usage. Loaded Objects now: 2841.
Total: 2.498800 ms (FindLiveObjects: 0.198600 ms CreateObjectMapping: 0.076500 ms MarkObjects: 2.133500 ms  DeleteObjects: 0.089400 ms)

========================================================================
Received Import Request.
  Time since last request: 98.926025 seconds.
  path: Assets/EnemyRocket.cs
  artifactKey: Guid(cf11c17bc292b3a43ad894b061bd4293) Importer(815301076,1909f56bfc062723c751e8b465ee728b)
Start importing Assets/EnemyRocket.cs using Guid(cf11c17bc292b3a43ad894b061bd4293) Importer(815301076,1909f56bfc062723c751e8b465ee728b)  -> (artifact id: '4d880188c8669185e471ad39c1a94aa4') in 0.007044 seconds
  Import took 0.010371 seconds .

========================================================================
Received Import Request.
  Time since last request: 5.076089 seconds.
  path: Assets/Nuke.cs
  artifactKey: Guid(cf11c17bc292b3a43ad894b061bd4293) Importer(815301076,1909f56bfc062723c751e8b465ee728b)
Start importing Assets/Nuke.cs using Guid(cf11c17bc292b3a43ad894b061bd4293) Importer(815301076,1909f56bfc062723c751e8b465ee728b)  -> (artifact id: '583f559ceb614fd78a90b790f6ec02dc') in 0.004104 seconds
  Import took 0.023901 seconds .

========================================================================
Received Prepare
Registering precompiled user dll's ...
Registered in 0.005861 seconds.
Begin MonoManager ReloadAssembly
Native extension for WindowsStandalone target not found
Native extension for WebGL target not found
Refreshing native plugins compatible for Editor in 0.51 ms, found 3 plugins.
Preloading 0 native plugins for Editor in 0.00 ms.
Mono: successfully reloaded assembly
- Completed reload, in  0.869 seconds
Platform modules already initialized, skipping
Refreshing native plugins compatible for Editor in 0.49 ms, found 3 plugins.
Preloading 0 native plugins for Editor in 0.00 ms.
Unloading 2377 Unused Serialized files (Serialized files now loaded: 0)
System memory in use before: 111.5 MB.
System memory in use after: 111.6 MB.

Unloading 31 unused Assets to reduce memory usage. Loaded Objects now: 2846.
Total: 2.215000 ms (FindLiveObjects: 0.172900 ms CreateObjectMapping: 0.057900 ms MarkObjects: 1.901400 ms  DeleteObjects: 0.082200 ms)

========================================================================
Received Import Request.
  Time since last request: 4.389909 seconds.
  path: Assets/EnemyRocket.prefab
  artifactKey: Guid(6e2c692ceb922ae4db903e1c9c67cabd) Importer(815301076,1909f56bfc062723c751e8b465ee728b)
Start importing Assets/EnemyRocket.prefab using Guid(6e2c692ceb922ae4db903e1c9c67cabd) Importer(815301076,1909f56bfc062723c751e8b465ee728b)  -> (artifact id: '0099192da38cf42a58a67097e8528eed') in 0.042218 seconds
  Import took 0.045248 seconds .

========================================================================
Received Prepare
Registering precompiled user dll's ...
Registered in 0.006220 seconds.
Begin MonoManager ReloadAssembly
Native extension for WindowsStandalone target not found
Native extension for WebGL target not found
Refreshing native plugins compatible for Editor in 0.53 ms, found 3 plugins.
Preloading 0 native plugins for Editor in 0.00 ms.
Mono: successfully reloaded assembly
- Completed reload, in  0.933 seconds
Platform modules already initialized, skipping
Refreshing native plugins compatible for Editor in 0.52 ms, found 3 plugins.
Preloading 0 native plugins for Editor in 0.00 ms.
Unloading 2377 Unused Serialized files (Serialized files now loaded: 0)
System memory in use before: 111.5 MB.
System memory in use after: 111.6 MB.

Unloading 31 unused Assets to reduce memory usage. Loaded Objects now: 2852.
Total: 2.524200 ms (FindLiveObjects: 0.212600 ms CreateObjectMapping: 0.083800 ms MarkObjects: 2.138900 ms  DeleteObjects: 0.088100 ms)

========================================================================
Received Import Request.
  Time since last request: 2658.305021 seconds.
  path: Assets/Nuke.cs
  artifactKey: Guid(cf11c17bc292b3a43ad894b061bd4293) Importer(815301076,1909f56bfc062723c751e8b465ee728b)
Start importing Assets/Nuke.cs using Guid(cf11c17bc292b3a43ad894b061bd4293) Importer(815301076,1909f56bfc062723c751e8b465ee728b)  -> (artifact id: '3a6f58d0301c0091ec3d3cb4123e2746') in 0.004399 seconds
  Import took 0.007402 seconds .

========================================================================
Received Prepare
Registering precompiled user dll's ...
Registered in 0.005890 seconds.
Begin MonoManager ReloadAssembly
Native extension for WindowsStandalone target not found
Native extension for WebGL target not found
Refreshing native plugins compatible for Editor in 0.51 ms, found 3 plugins.
Preloading 0 native plugins for Editor in 0.00 ms.
Mono: successfully reloaded assembly
- Completed reload, in  0.901 seconds
Platform modules already initialized, skipping
Refreshing native plugins compatible for Editor in 0.49 ms, found 3 plugins.
Preloading 0 native plugins for Editor in 0.00 ms.
Unloading 2377 Unused Serialized files (Serialized files now loaded: 0)
System memory in use before: 111.5 MB.
System memory in use after: 111.6 MB.

Unloading 31 unused Assets to reduce memory usage. Loaded Objects now: 2857.
Total: 2.568700 ms (FindLiveObjects: 0.195100 ms CreateObjectMapping: 0.081600 ms MarkObjects: 2.198800 ms  DeleteObjects: 0.092400 ms)

========================================================================
Received Prepare
Registering precompiled user dll's ...
Registered in 0.006172 seconds.
Begin MonoManager ReloadAssembly
Native extension for WindowsStandalone target not found
Native extension for WebGL target not found
Refreshing native plugins compatible for Editor in 0.58 ms, found 3 plugins.
Preloading 0 native plugins for Editor in 0.00 ms.
Mono: successfully reloaded assembly
- Completed reload, in  0.887 seconds
Platform modules already initialized, skipping
Refreshing native plugins compatible for Editor in 0.72 ms, found 3 plugins.
Preloading 0 native plugins for Editor in 0.00 ms.
Unloading 2377 Unused Serialized files (Serialized files now loaded: 0)
System memory in use before: 111.5 MB.
System memory in use after: 111.6 MB.

Unloading 31 unused Assets to reduce memory usage. Loaded Objects now: 2862.
Total: 2.501800 ms (FindLiveObjects: 0.213000 ms CreateObjectMapping: 0.073800 ms MarkObjects: 2.130700 ms  DeleteObjects: 0.083700 ms)

========================================================================
Received Prepare
Registering precompiled user dll's ...
Registered in 0.005894 seconds.
Begin MonoManager ReloadAssembly
Native extension for WindowsStandalone target not found
Native extension for WebGL target not found
Refreshing native plugins compatible for Editor in 0.51 ms, found 3 plugins.
Preloading 0 native plugins for Editor in 0.00 ms.
Mono: successfully reloaded assembly
- Completed reload, in  0.879 seconds
Platform modules already initialized, skipping
Refreshing native plugins compatible for Editor in 0.47 ms, found 3 plugins.
Preloading 0 native plugins for Editor in 0.00 ms.
Unloading 2377 Unused Serialized files (Serialized files now loaded: 0)
System memory in use before: 111.5 MB.
System memory in use after: 111.6 MB.

Unloading 31 unused Assets to reduce memory usage. Loaded Objects now: 2867.
Total: 2.456700 ms (FindLiveObjects: 0.190300 ms CreateObjectMapping: 0.075600 ms MarkObjects: 2.108900 ms  DeleteObjects: 0.081200 ms)

========================================================================
Received Prepare
Registering precompiled user dll's ...
Registered in 0.006591 seconds.
Begin MonoManager ReloadAssembly
Native extension for WindowsStandalone target not found
Native extension for WebGL target not found
Refreshing native plugins compatible for Editor in 0.53 ms, found 3 plugins.
Preloading 0 native plugins for Editor in 0.00 ms.
Mono: successfully reloaded assembly
- Completed reload, in  0.882 seconds
Platform modules already initialized, skipping
Refreshing native plugins compatible for Editor in 0.50 ms, found 3 plugins.
Preloading 0 native plugins for Editor in 0.00 ms.
Unloading 2377 Unused Serialized files (Serialized files now loaded: 0)
System memory in use before: 111.5 MB.
System memory in use after: 111.6 MB.

Unloading 31 unused Assets to reduce memory usage. Loaded Objects now: 2872.
Total: 2.550200 ms (FindLiveObjects: 0.224500 ms CreateObjectMapping: 0.080300 ms MarkObjects: 2.158300 ms  DeleteObjects: 0.086200 ms)

========================================================================
Received Prepare
Registering precompiled user dll's ...
Registered in 0.006147 seconds.
Begin MonoManager ReloadAssembly
Native extension for WindowsStandalone target not found
Native extension for WebGL target not found
Refreshing native plugins compatible for Editor in 0.53 ms, found 3 plugins.
Preloading 0 native plugins for Editor in 0.00 ms.
Mono: successfully reloaded assembly
- Completed reload, in  0.929 seconds
Platform modules already initialized, skipping
Refreshing native plugins compatible for Editor in 0.49 ms, found 3 plugins.
Preloading 0 native plugins for Editor in 0.00 ms.
Unloading 2377 Unused Serialized files (Serialized files now loaded: 0)
System memory in use before: 111.5 MB.
System memory in use after: 111.6 MB.

Unloading 31 unused Assets to reduce memory usage. Loaded Objects now: 2877.
Total: 2.619000 ms (FindLiveObjects: 0.203000 ms CreateObjectMapping: 0.098400 ms MarkObjects: 2.215200 ms  DeleteObjects: 0.101500 ms)

========================================================================
Received Prepare
Registering precompiled user dll's ...
Registered in 0.006054 seconds.
Begin MonoManager ReloadAssembly
Native extension for WindowsStandalone target not found
Native extension for WebGL target not found
Refreshing native plugins compatible for Editor in 0.51 ms, found 3 plugins.
Preloading 0 native plugins for Editor in 0.00 ms.
Mono: successfully reloaded assembly
- Completed reload, in  0.871 seconds
Platform modules already initialized, skipping
Refreshing native plugins compatible for Editor in 0.48 ms, found 3 plugins.
Preloading 0 native plugins for Editor in 0.00 ms.
Unloading 2377 Unused Serialized files (Serialized files now loaded: 0)
System memory in use before: 111.6 MB.
System memory in use after: 111.6 MB.

Unloading 31 unused Assets to reduce memory usage. Loaded Objects now: 2882.
Total: 2.580300 ms (FindLiveObjects: 0.197400 ms CreateObjectMapping: 0.077200 ms MarkObjects: 2.221400 ms  DeleteObjects: 0.083300 ms)

========================================================================
Received Prepare
Registering precompiled user dll's ...
Registered in 0.006355 seconds.
Begin MonoManager ReloadAssembly
Native extension for WindowsStandalone target not found
Native extension for WebGL target not found
Refreshing native plugins compatible for Editor in 0.52 ms, found 3 plugins.
Preloading 0 native plugins for Editor in 0.00 ms.
Mono: successfully reloaded assembly
- Completed reload, in  0.979 seconds
Platform modules already initialized, skipping
Refreshing native plugins compatible for Editor in 0.46 ms, found 3 plugins.
Preloading 0 native plugins for Editor in 0.00 ms.
Unloading 2378 Unused Serialized files (Serialized files now loaded: 0)
System memory in use before: 111.6 MB.
System memory in use after: 111.7 MB.

Unloading 31 unused Assets to reduce memory usage. Loaded Objects now: 2888.
Total: 2.541200 ms (FindLiveObjects: 0.196700 ms CreateObjectMapping: 0.084700 ms MarkObjects: 2.168400 ms  DeleteObjects: 0.090700 ms)

========================================================================
Received Prepare
Registering precompiled user dll's ...
Registered in 0.005822 seconds.
Begin MonoManager ReloadAssembly
Native extension for WindowsStandalone target not found
Native extension for WebGL target not found
Refreshing native plugins compatible for Editor in 0.51 ms, found 3 plugins.
Preloading 0 native plugins for Editor in 0.00 ms.
Mono: successfully reloaded assembly
- Completed reload, in  0.858 seconds
Platform modules already initialized, skipping
Refreshing native plugins compatible for Editor in 0.45 ms, found 3 plugins.
Preloading 0 native plugins for Editor in 0.00 ms.
Unloading 2380 Unused Serialized files (Serialized files now loaded: 0)
System memory in use before: 111.6 MB.
System memory in use after: 111.7 MB.

Unloading 31 unused Assets to reduce memory usage. Loaded Objects now: 2895.
Total: 2.381400 ms (FindLiveObjects: 0.192600 ms CreateObjectMapping: 0.074800 ms MarkObjects: 2.038900 ms  DeleteObjects: 0.074400 ms)

========================================================================
Received Prepare
Registering precompiled user dll's ...
Registered in 0.006147 seconds.
Begin MonoManager ReloadAssembly
Native extension for WindowsStandalone target not found
Native extension for WebGL target not found
Refreshing native plugins compatible for Editor in 0.52 ms, found 3 plugins.
Preloading 0 native plugins for Editor in 0.00 ms.
Mono: successfully reloaded assembly
- Completed reload, in  0.883 seconds
Platform modules already initialized, skipping
Refreshing native plugins compatible for Editor in 0.47 ms, found 3 plugins.
Preloading 0 native plugins for Editor in 0.00 ms.
Unloading 2380 Unused Serialized files (Serialized files now loaded: 0)
System memory in use before: 111.6 MB.
System memory in use after: 111.7 MB.

Unloading 31 unused Assets to reduce memory usage. Loaded Objects now: 2900.
Total: 2.504100 ms (FindLiveObjects: 0.196100 ms CreateObjectMapping: 0.076500 ms MarkObjects: 2.152600 ms  DeleteObjects: 0.078100 ms)

========================================================================
Received Prepare
Registering precompiled user dll's ...
Registered in 0.005766 seconds.
Begin MonoManager ReloadAssembly
Native extension for WindowsStandalone target not found
Native extension for WebGL target not found
Refreshing native plugins compatible for Editor in 0.52 ms, found 3 plugins.
Preloading 0 native plugins for Editor in 0.00 ms.
Mono: successfully reloaded assembly
- Completed reload, in  0.854 seconds
Platform modules already initialized, skipping
Refreshing native plugins compatible for Editor in 0.49 ms, found 3 plugins.
Preloading 0 native plugins for Editor in 0.00 ms.
Unloading 2380 Unused Serialized files (Serialized files now loaded: 0)
System memory in use before: 111.7 MB.
System memory in use after: 111.7 MB.

Unloading 31 unused Assets to reduce memory usage. Loaded Objects now: 2905.
Total: 2.406500 ms (FindLiveObjects: 0.194000 ms CreateObjectMapping: 0.074100 ms MarkObjects: 2.052800 ms  DeleteObjects: 0.085100 ms)

========================================================================
Received Prepare
Registering precompiled user dll's ...
Registered in 0.005964 seconds.
Begin MonoManager ReloadAssembly
Native extension for WindowsStandalone target not found
Native extension for WebGL target not found
Refreshing native plugins compatible for Editor in 0.52 ms, found 3 plugins.
Preloading 0 native plugins for Editor in 0.00 ms.
Mono: successfully reloaded assembly
- Completed reload, in  0.867 seconds
Platform modules already initialized, skipping
Refreshing native plugins compatible for Editor in 0.50 ms, found 3 plugins.
Preloading 0 native plugins for Editor in 0.00 ms.
Unloading 2380 Unused Serialized files (Serialized files now loaded: 0)
System memory in use before: 111.7 MB.
System memory in use after: 111.7 MB.

Unloading 31 unused Assets to reduce memory usage. Loaded Objects now: 2910.
Total: 2.569400 ms (FindLiveObjects: 0.212700 ms CreateObjectMapping: 0.081900 ms MarkObjects: 2.184000 ms  DeleteObjects: 0.089800 ms)

========================================================================
Received Prepare
Registering precompiled user dll's ...
Registered in 0.006467 seconds.
Begin MonoManager ReloadAssembly
Native extension for WindowsStandalone target not found
Native extension for WebGL target not found
Refreshing native plugins compatible for Editor in 0.72 ms, found 3 plugins.
Preloading 0 native plugins for Editor in 0.00 ms.
Mono: successfully reloaded assembly
- Completed reload, in  1.014 seconds
Platform modules already initialized, skipping
Refreshing native plugins compatible for Editor in 0.45 ms, found 3 plugins.
Preloading 0 native plugins for Editor in 0.00 ms.
Unloading 2380 Unused Serialized files (Serialized files now loaded: 0)
System memory in use before: 111.7 MB.
System memory in use after: 111.8 MB.

Unloading 31 unused Assets to reduce memory usage. Loaded Objects now: 2915.
Total: 2.623600 ms (FindLiveObjects: 0.223900 ms CreateObjectMapping: 0.083600 ms MarkObjects: 2.233300 ms  DeleteObjects: 0.082100 ms)

========================================================================
Received Prepare
Registering precompiled user dll's ...
Registered in 0.006038 seconds.
Begin MonoManager ReloadAssembly
Native extension for WindowsStandalone target not found
Native extension for WebGL target not found
Refreshing native plugins compatible for Editor in 0.59 ms, found 3 plugins.
Preloading 0 native plugins for Editor in 0.00 ms.
Mono: successfully reloaded assembly
- Completed reload, in  0.939 seconds
Platform modules already initialized, skipping
Refreshing native plugins compatible for Editor in 0.47 ms, found 3 plugins.
Preloading 0 native plugins for Editor in 0.00 ms.
Unloading 2380 Unused Serialized files (Serialized files now loaded: 0)
System memory in use before: 111.7 MB.
System memory in use after: 111.8 MB.

Unloading 31 unused Assets to reduce memory usage. Loaded Objects now: 2920.
Total: 2.746300 ms (FindLiveObjects: 0.200800 ms CreateObjectMapping: 0.059200 ms MarkObjects: 2.389600 ms  DeleteObjects: 0.096000 ms)

========================================================================
Received Import Request.
  Time since last request: 5678.413792 seconds.
  path: Assets/EnemyRocket.prefab
  artifactKey: Guid(6e2c692ceb922ae4db903e1c9c67cabd) Importer(815301076,1909f56bfc062723c751e8b465ee728b)
Start importing Assets/EnemyRocket.prefab using Guid(6e2c692ceb922ae4db903e1c9c67cabd) Importer(815301076,1909f56bfc062723c751e8b465ee728b)  -> (artifact id: '3c6e9666ed4c93ec259c18bc540a34f4') in 0.046559 seconds
  Import took 0.049979 seconds .

========================================================================
Received Prepare
Registering precompiled user dll's ...
Registered in 0.005811 seconds.
Begin MonoManager ReloadAssembly
Native extension for WindowsStandalone target not found
Native extension for WebGL target not found
Refreshing native plugins compatible for Editor in 0.52 ms, found 3 plugins.
Preloading 0 native plugins for Editor in 0.00 ms.
Mono: successfully reloaded assembly
- Completed reload, in  0.850 seconds
Platform modules already initialized, skipping
Refreshing native plugins compatible for Editor in 0.47 ms, found 3 plugins.
Preloading 0 native plugins for Editor in 0.00 ms.
Unloading 2380 Unused Serialized files (Serialized files now loaded: 0)
System memory in use before: 111.7 MB.
System memory in use after: 111.8 MB.

Unloading 31 unused Assets to reduce memory usage. Loaded Objects now: 2926.
Total: 2.481400 ms (FindLiveObjects: 0.210200 ms CreateObjectMapping: 0.089800 ms MarkObjects: 2.108800 ms  DeleteObjects: 0.071800 ms)

========================================================================
Received Import Request.
  Time since last request: 6.168721 seconds.
  path: Assets/EnemyRocket.prefab
  artifactKey: Guid(6e2c692ceb922ae4db903e1c9c67cabd) Importer(815301076,1909f56bfc062723c751e8b465ee728b)
Start importing Assets/EnemyRocket.prefab using Guid(6e2c692ceb922ae4db903e1c9c67cabd) Importer(815301076,1909f56bfc062723c751e8b465ee728b)  -> (artifact id: 'd92a31fe524700ca42b5c688604b63e7') in 0.038796 seconds
  Import took 0.053270 seconds .

========================================================================
Received Import Request.
  Time since last request: 10.899306 seconds.
  path: Assets/EnemyRocket.prefab
  artifactKey: Guid(6e2c692ceb922ae4db903e1c9c67cabd) Importer(815301076,1909f56bfc062723c751e8b465ee728b)
Start importing Assets/EnemyRocket.prefab using Guid(6e2c692ceb922ae4db903e1c9c67cabd) Importer(815301076,1909f56bfc062723c751e8b465ee728b)  -> (artifact id: 'a5f5f322b47977be68cc2e3cb1695a35') in 0.008774 seconds
  Import took 0.011944 seconds .

========================================================================
Received Import Request.
  Time since last request: 3.454285 seconds.
  path: Assets/IPoolableObject.cs
  artifactKey: Guid(823f46fc08a838c43831fb4ef60290f0) Importer(815301076,1909f56bfc062723c751e8b465ee728b)
Start importing Assets/IPoolableObject.cs using Guid(823f46fc08a838c43831fb4ef60290f0) Importer(815301076,1909f56bfc062723c751e8b465ee728b)  -> (artifact id: 'd2aa3bcc44936f1e102b5d42a0920b83') in 0.004347 seconds
  Import took 0.007653 seconds .

========================================================================
Received Import Request.
  Time since last request: 0.000340 seconds.
  path: Assets/IPoolableObject.cs
  artifactKey: Guid(823f46fc08a838c43831fb4ef60290f0) Importer(815301076,1909f56bfc062723c751e8b465ee728b)
Start importing Assets/IPoolableObject.cs using Guid(823f46fc08a838c43831fb4ef60290f0) Importer(815301076,1909f56bfc062723c751e8b465ee728b)  -> (artifact id: 'd2aa3bcc44936f1e102b5d42a0920b83') in 0.001410 seconds
  Import took 0.004285 seconds .

========================================================================
Received Prepare
Registering precompiled user dll's ...
Registered in 0.006093 seconds.
Begin MonoManager ReloadAssembly
Native extension for WindowsStandalone target not found
Native extension for WebGL target not found
Refreshing native plugins compatible for Editor in 0.52 ms, found 3 plugins.
Preloading 0 native plugins for Editor in 0.00 ms.
Mono: successfully reloaded assembly
- Completed reload, in  0.849 seconds
Platform modules already initialized, skipping
Refreshing native plugins compatible for Editor in 0.46 ms, found 3 plugins.
Preloading 0 native plugins for Editor in 0.00 ms.
Unloading 2380 Unused Serialized files (Serialized files now loaded: 0)
System memory in use before: 111.7 MB.
System memory in use after: 111.8 MB.

Unloading 31 unused Assets to reduce memory usage. Loaded Objects now: 2932.
Total: 2.417100 ms (FindLiveObjects: 0.196300 ms CreateObjectMapping: 0.075000 ms MarkObjects: 2.073300 ms  DeleteObjects: 0.071700 ms)

========================================================================
Received Import Request.
  Time since last request: 104.586895 seconds.
  path: Assets/EnemyRocket.prefab
  artifactKey: Guid(6e2c692ceb922ae4db903e1c9c67cabd) Importer(815301076,1909f56bfc062723c751e8b465ee728b)
Start importing Assets/EnemyRocket.prefab using Guid(6e2c692ceb922ae4db903e1c9c67cabd) Importer(815301076,1909f56bfc062723c751e8b465ee728b)  -> (artifact id: '2ba3e75735bbcf51a65f2f1d6d4d41ca') in 0.038611 seconds
  Import took 0.041603 seconds .

========================================================================
Received Prepare
Registering precompiled user dll's ...
Registered in 0.005910 seconds.
Begin MonoManager ReloadAssembly
Native extension for WindowsStandalone target not found
Native extension for WebGL target not found
Refreshing native plugins compatible for Editor in 0.52 ms, found 3 plugins.
Preloading 0 native plugins for Editor in 0.00 ms.
Mono: successfully reloaded assembly
- Completed reload, in  0.844 seconds
Platform modules already initialized, skipping
Refreshing native plugins compatible for Editor in 0.47 ms, found 3 plugins.
Preloading 0 native plugins for Editor in 0.00 ms.
Unloading 2380 Unused Serialized files (Serialized files now loaded: 0)
System memory in use before: 111.7 MB.
System memory in use after: 111.8 MB.

Unloading 31 unused Assets to reduce memory usage. Loaded Objects now: 2938.
Total: 2.703100 ms (FindLiveObjects: 0.231700 ms CreateObjectMapping: 0.089300 ms MarkObjects: 2.285800 ms  DeleteObjects: 0.095600 ms)

========================================================================
Received Prepare
Registering precompiled user dll's ...
Registered in 0.006004 seconds.
Begin MonoManager ReloadAssembly
Native extension for WindowsStandalone target not found
Native extension for WebGL target not found
Refreshing native plugins compatible for Editor in 0.52 ms, found 3 plugins.
Preloading 0 native plugins for Editor in 0.00 ms.
Mono: successfully reloaded assembly
- Completed reload, in  0.865 seconds
Platform modules already initialized, skipping
Refreshing native plugins compatible for Editor in 0.50 ms, found 3 plugins.
Preloading 0 native plugins for Editor in 0.00 ms.
Unloading 2380 Unused Serialized files (Serialized files now loaded: 0)
System memory in use before: 111.7 MB.
System memory in use after: 111.8 MB.

Unloading 31 unused Assets to reduce memory usage. Loaded Objects now: 2943.
Total: 2.750700 ms (FindLiveObjects: 0.272200 ms CreateObjectMapping: 0.107400 ms MarkObjects: 2.225500 ms  DeleteObjects: 0.144700 ms)

========================================================================
Received Prepare
Registering precompiled user dll's ...
Registered in 0.005952 seconds.
Begin MonoManager ReloadAssembly
Native extension for WindowsStandalone target not found
Native extension for WebGL target not found
Refreshing native plugins compatible for Editor in 0.51 ms, found 3 plugins.
Preloading 0 native plugins for Editor in 0.00 ms.
Mono: successfully reloaded assembly
- Completed reload, in  0.842 seconds
Platform modules already initialized, skipping
Refreshing native plugins compatible for Editor in 0.47 ms, found 3 plugins.
Preloading 0 native plugins for Editor in 0.00 ms.
Unloading 2380 Unused Serialized files (Serialized files now loaded: 0)
System memory in use before: 111.8 MB.
System memory in use after: 111.8 MB.

Unloading 31 unused Assets to reduce memory usage. Loaded Objects now: 2948.
Total: 3.009100 ms (FindLiveObjects: 0.199000 ms CreateObjectMapping: 0.077800 ms MarkObjects: 2.652800 ms  DeleteObjects: 0.078900 ms)

========================================================================
Received Import Request.
  Time since last request: 156.569210 seconds.
  path: Assets/EnemyRocket.prefab
  artifactKey: Guid(6e2c692ceb922ae4db903e1c9c67cabd) Importer(815301076,1909f56bfc062723c751e8b465ee728b)
Start importing Assets/EnemyRocket.prefab using Guid(6e2c692ceb922ae4db903e1c9c67cabd) Importer(815301076,1909f56bfc062723c751e8b465ee728b)  -> (artifact id: '8b0bda4f22977614da92d7e17fe3f8fe') in 0.040164 seconds
  Import took 0.043124 seconds .

========================================================================
Received Prepare
Registering precompiled user dll's ...
Registered in 0.006269 seconds.
Begin MonoManager ReloadAssembly
Native extension for WindowsStandalone target not found
Native extension for WebGL target not found
Refreshing native plugins compatible for Editor in 0.56 ms, found 3 plugins.
Preloading 0 native plugins for Editor in 0.00 ms.
Mono: successfully reloaded assembly
- Completed reload, in  0.854 seconds
Platform modules already initialized, skipping
Refreshing native plugins compatible for Editor in 0.46 ms, found 3 plugins.
Preloading 0 native plugins for Editor in 0.00 ms.
Unloading 2380 Unused Serialized files (Serialized files now loaded: 0)
System memory in use before: 111.7 MB.
System memory in use after: 111.8 MB.

Unloading 31 unused Assets to reduce memory usage. Loaded Objects now: 2954.
Total: 2.454300 ms (FindLiveObjects: 0.197600 ms CreateObjectMapping: 0.076000 ms MarkObjects: 2.109100 ms  DeleteObjects: 0.071000 ms)

========================================================================
Received Prepare
Registering precompiled user dll's ...
Registered in 0.006044 seconds.
Begin MonoManager ReloadAssembly
Native extension for WindowsStandalone target not found
Native extension for WebGL target not found
Refreshing native plugins compatible for Editor in 0.52 ms, found 3 plugins.
Preloading 0 native plugins for Editor in 0.00 ms.
Mono: successfully reloaded assembly
- Completed reload, in  0.844 seconds
Platform modules already initialized, skipping
Refreshing native plugins compatible for Editor in 0.48 ms, found 3 plugins.
Preloading 0 native plugins for Editor in 0.00 ms.
Unloading 2380 Unused Serialized files (Serialized files now loaded: 0)
System memory in use before: 111.8 MB.
System memory in use after: 111.9 MB.

Unloading 31 unused Assets to reduce memory usage. Loaded Objects now: 2959.
Total: 2.499800 ms (FindLiveObjects: 0.198100 ms CreateObjectMapping: 0.075800 ms MarkObjects: 2.146900 ms  DeleteObjects: 0.078100 ms)

========================================================================
Received Import Request.
  Time since last request: 94.766414 seconds.
  path: Assets/EnemyRocket.prefab
  artifactKey: Guid(6e2c692ceb922ae4db903e1c9c67cabd) Importer(815301076,1909f56bfc062723c751e8b465ee728b)
Start importing Assets/EnemyRocket.prefab using Guid(6e2c692ceb922ae4db903e1c9c67cabd) Importer(815301076,1909f56bfc062723c751e8b465ee728b)  -> (artifact id: '73693e92e5c4237ccf79c7616da0abf7') in 0.039612 seconds
  Import took 0.042571 seconds .

========================================================================
Received Prepare
Registering precompiled user dll's ...
Registered in 0.006258 seconds.
Begin MonoManager ReloadAssembly
Native extension for WindowsStandalone target not found
Native extension for WebGL target not found
Refreshing native plugins compatible for Editor in 0.71 ms, found 3 plugins.
Preloading 0 native plugins for Editor in 0.00 ms.
Mono: successfully reloaded assembly
- Completed reload, in  0.854 seconds
Platform modules already initialized, skipping
Refreshing native plugins compatible for Editor in 0.47 ms, found 3 plugins.
Preloading 0 native plugins for Editor in 0.00 ms.
Unloading 2380 Unused Serialized files (Serialized files now loaded: 0)
System memory in use before: 111.8 MB.
System memory in use after: 111.9 MB.

Unloading 31 unused Assets to reduce memory usage. Loaded Objects now: 2965.
Total: 2.426800 ms (FindLiveObjects: 0.220100 ms CreateObjectMapping: 0.075900 ms MarkObjects: 2.053200 ms  DeleteObjects: 0.076900 ms)

========================================================================
Received Prepare
Registering precompiled user dll's ...
Registered in 0.006069 seconds.
Begin MonoManager ReloadAssembly
Native extension for WindowsStandalone target not found
Native extension for WebGL target not found
Refreshing native plugins compatible for Editor in 0.51 ms, found 3 plugins.
Preloading 0 native plugins for Editor in 0.00 ms.
Mono: successfully reloaded assembly
- Completed reload, in  0.852 seconds
Platform modules already initialized, skipping
Refreshing native plugins compatible for Editor in 0.50 ms, found 3 plugins.
Preloading 0 native plugins for Editor in 0.00 ms.
Unloading 2380 Unused Serialized files (Serialized files now loaded: 0)
System memory in use before: 111.8 MB.
System memory in use after: 111.9 MB.

Unloading 31 unused Assets to reduce memory usage. Loaded Objects now: 2970.
Total: 2.292900 ms (FindLiveObjects: 0.214400 ms CreateObjectMapping: 0.058500 ms MarkObjects: 1.931100 ms  DeleteObjects: 0.088100 ms)

========================================================================
Received Import Request.
  Time since last request: 68.382084 seconds.
  path: Assets/EnemyRocket.prefab
  artifactKey: Guid(6e2c692ceb922ae4db903e1c9c67cabd) Importer(815301076,1909f56bfc062723c751e8b465ee728b)
Start importing Assets/EnemyRocket.prefab using Guid(6e2c692ceb922ae4db903e1c9c67cabd) Importer(815301076,1909f56bfc062723c751e8b465ee728b)  -> (artifact id: '490490c311f5a736c72606e51b3cf649') in 0.038597 seconds
  Import took 0.103039 seconds .

========================================================================
Received Prepare
Registering precompiled user dll's ...
Registered in 0.005766 seconds.
Begin MonoManager ReloadAssembly
Native extension for WindowsStandalone target not found
Native extension for WebGL target not found
Refreshing native plugins compatible for Editor in 0.51 ms, found 3 plugins.
Preloading 0 native plugins for Editor in 0.00 ms.
Mono: successfully reloaded assembly
- Completed reload, in  0.854 seconds
Platform modules already initialized, skipping
Refreshing native plugins compatible for Editor in 0.48 ms, found 3 plugins.
Preloading 0 native plugins for Editor in 0.00 ms.
Unloading 2380 Unused Serialized files (Serialized files now loaded: 0)
System memory in use before: 111.9 MB.
System memory in use after: 111.9 MB.

Unloading 31 unused Assets to reduce memory usage. Loaded Objects now: 2976.
Total: 2.497000 ms (FindLiveObjects: 0.247900 ms CreateObjectMapping: 0.083100 ms MarkObjects: 2.083200 ms  DeleteObjects: 0.081900 ms)

========================================================================
Received Prepare
Registering precompiled user dll's ...
Registered in 0.006724 seconds.
Begin MonoManager ReloadAssembly
Native extension for WindowsStandalone target not found
Native extension for WebGL target not found
Refreshing native plugins compatible for Editor in 0.51 ms, found 3 plugins.
Preloading 0 native plugins for Editor in 0.00 ms.
Mono: successfully reloaded assembly
- Completed reload, in  0.943 seconds
Platform modules already initialized, skipping
Refreshing native plugins compatible for Editor in 0.47 ms, found 3 plugins.
Preloading 0 native plugins for Editor in 0.00 ms.
Unloading 2380 Unused Serialized files (Serialized files now loaded: 0)
System memory in use before: 111.9 MB.
System memory in use after: 112.0 MB.

Unloading 31 unused Assets to reduce memory usage. Loaded Objects now: 2981.
Total: 2.460900 ms (FindLiveObjects: 0.198000 ms CreateObjectMapping: 0.076100 ms MarkObjects: 2.113100 ms  DeleteObjects: 0.073000 ms)

========================================================================
Received Prepare
Registering precompiled user dll's ...
Registered in 0.006347 seconds.
Begin MonoManager ReloadAssembly
Native extension for WindowsStandalone target not found
Native extension for WebGL target not found
Refreshing native plugins compatible for Editor in 0.51 ms, found 3 plugins.
Preloading 0 native plugins for Editor in 0.00 ms.
Mono: successfully reloaded assembly
- Completed reload, in  0.852 seconds
Platform modules already initialized, skipping
Refreshing native plugins compatible for Editor in 0.48 ms, found 3 plugins.
Preloading 0 native plugins for Editor in 0.00 ms.
Unloading 2380 Unused Serialized files (Serialized files now loaded: 0)
System memory in use before: 111.9 MB.
System memory in use after: 112.0 MB.

Unloading 31 unused Assets to reduce memory usage. Loaded Objects now: 2986.
Total: 2.465900 ms (FindLiveObjects: 0.213200 ms CreateObjectMapping: 0.077500 ms MarkObjects: 2.091800 ms  DeleteObjects: 0.082600 ms)

========================================================================
Received Import Request.
  Time since last request: 216.086667 seconds.
  path: Assets/EnemyRocket.prefab
  artifactKey: Guid(6e2c692ceb922ae4db903e1c9c67cabd) Importer(815301076,1909f56bfc062723c751e8b465ee728b)
Start importing Assets/EnemyRocket.prefab using Guid(6e2c692ceb922ae4db903e1c9c67cabd) Importer(815301076,1909f56bfc062723c751e8b465ee728b)  -> (artifact id: '771223007568f03b2c3ae8b3c68de3e3') in 0.040510 seconds
  Import took 0.043608 seconds .

========================================================================
Received Prepare
Registering precompiled user dll's ...
Registered in 0.006066 seconds.
Begin MonoManager ReloadAssembly
Native extension for WindowsStandalone target not found
Native extension for WebGL target not found
Refreshing native plugins compatible for Editor in 0.54 ms, found 3 plugins.
Preloading 0 native plugins for Editor in 0.00 ms.
Mono: successfully reloaded assembly
- Completed reload, in  0.845 seconds
Platform modules already initialized, skipping
Refreshing native plugins compatible for Editor in 0.46 ms, found 3 plugins.
Preloading 0 native plugins for Editor in 0.00 ms.
Unloading 2380 Unused Serialized files (Serialized files now loaded: 0)
System memory in use before: 111.9 MB.
System memory in use after: 112.0 MB.

Unloading 31 unused Assets to reduce memory usage. Loaded Objects now: 2992.
Total: 2.724100 ms (FindLiveObjects: 0.201300 ms CreateObjectMapping: 0.077300 ms MarkObjects: 2.370100 ms  DeleteObjects: 0.074800 ms)

========================================================================
Received Prepare
Registering precompiled user dll's ...
Registered in 0.005803 seconds.
Begin MonoManager ReloadAssembly
Native extension for WindowsStandalone target not found
Native extension for WebGL target not found
Refreshing native plugins compatible for Editor in 0.55 ms, found 3 plugins.
Preloading 0 native plugins for Editor in 0.00 ms.
Mono: successfully reloaded assembly
- Completed reload, in  0.859 seconds
Platform modules already initialized, skipping
Refreshing native plugins compatible for Editor in 0.47 ms, found 3 plugins.
Preloading 0 native plugins for Editor in 0.00 ms.
Unloading 2380 Unused Serialized files (Serialized files now loaded: 0)
System memory in use before: 111.9 MB.
System memory in use after: 112.0 MB.

Unloading 31 unused Assets to reduce memory usage. Loaded Objects now: 2997.
Total: 2.443500 ms (FindLiveObjects: 0.186000 ms CreateObjectMapping: 0.071500 ms MarkObjects: 2.106600 ms  DeleteObjects: 0.078700 ms)

========================================================================
Received Prepare
Registering precompiled user dll's ...
Registered in 0.006419 seconds.
Begin MonoManager ReloadAssembly
Native extension for WindowsStandalone target not found
Native extension for WebGL target not found
Refreshing native plugins compatible for Editor in 0.51 ms, found 3 plugins.
Preloading 0 native plugins for Editor in 0.00 ms.
Mono: successfully reloaded assembly
- Completed reload, in  0.852 seconds
Platform modules already initialized, skipping
Refreshing native plugins compatible for Editor in 0.47 ms, found 3 plugins.
Preloading 0 native plugins for Editor in 0.00 ms.
Unloading 2380 Unused Serialized files (Serialized files now loaded: 0)
System memory in use before: 111.9 MB.
System memory in use after: 112.0 MB.

Unloading 31 unused Assets to reduce memory usage. Loaded Objects now: 3002.
Total: 2.410800 ms (FindLiveObjects: 0.204300 ms CreateObjectMapping: 0.080300 ms MarkObjects: 2.049500 ms  DeleteObjects: 0.076100 ms)

========================================================================
Received Prepare
Registering precompiled user dll's ...
Registered in 0.005858 seconds.
Begin MonoManager ReloadAssembly
Native extension for WindowsStandalone target not found
Native extension for WebGL target not found
Refreshing native plugins compatible for Editor in 0.51 ms, found 3 plugins.
Preloading 0 native plugins for Editor in 0.00 ms.
Mono: successfully reloaded assembly
- Completed reload, in  0.871 seconds
Platform modules already initialized, skipping
Refreshing native plugins compatible for Editor in 0.46 ms, found 3 plugins.
Preloading 0 native plugins for Editor in 0.00 ms.
Unloading 2381 Unused Serialized files (Serialized files now loaded: 0)
System memory in use before: 111.9 MB.
System memory in use after: 112.0 MB.

Unloading 31 unused Assets to reduce memory usage. Loaded Objects now: 3008.
Total: 2.720300 ms (FindLiveObjects: 0.268700 ms CreateObjectMapping: 0.119300 ms MarkObjects: 2.249400 ms  DeleteObjects: 0.081800 ms)

========================================================================
Received Prepare
Registering precompiled user dll's ...
Registered in 0.005902 seconds.
Begin MonoManager ReloadAssembly
Native extension for WindowsStandalone target not found
Native extension for WebGL target not found
Refreshing native plugins compatible for Editor in 0.51 ms, found 3 plugins.
Preloading 0 native plugins for Editor in 0.00 ms.
Mono: successfully reloaded assembly
- Completed reload, in  0.869 seconds
Platform modules already initialized, skipping
Refreshing native plugins compatible for Editor in 0.48 ms, found 3 plugins.
Preloading 0 native plugins for Editor in 0.00 ms.
Unloading 2381 Unused Serialized files (Serialized files now loaded: 0)
System memory in use before: 111.9 MB.
System memory in use after: 112.0 MB.

Unloading 31 unused Assets to reduce memory usage. Loaded Objects now: 3013.
Total: 2.494500 ms (FindLiveObjects: 0.185200 ms CreateObjectMapping: 0.070600 ms MarkObjects: 2.148400 ms  DeleteObjects: 0.089300 ms)

========================================================================
Received Prepare
Registering precompiled user dll's ...
Registered in 0.006215 seconds.
Begin MonoManager ReloadAssembly
Native extension for WindowsStandalone target not found
Native extension for WebGL target not found
Refreshing native plugins compatible for Editor in 0.54 ms, found 3 plugins.
Preloading 0 native plugins for Editor in 0.00 ms.
Mono: successfully reloaded assembly
- Completed reload, in  0.858 seconds
Platform modules already initialized, skipping
Refreshing native plugins compatible for Editor in 0.48 ms, found 3 plugins.
Preloading 0 native plugins for Editor in 0.00 ms.
Unloading 2381 Unused Serialized files (Serialized files now loaded: 0)
System memory in use before: 112.0 MB.
System memory in use after: 112.0 MB.

Unloading 31 unused Assets to reduce memory usage. Loaded Objects now: 3018.
Total: 2.437100 ms (FindLiveObjects: 0.232400 ms CreateObjectMapping: 0.059900 ms MarkObjects: 2.056800 ms  DeleteObjects: 0.087200 ms)

========================================================================
Received Prepare
Registering precompiled user dll's ...
Registered in 0.007308 seconds.
Begin MonoManager ReloadAssembly
Native extension for WindowsStandalone target not found
Native extension for WebGL target not found
Refreshing native plugins compatible for Editor in 0.54 ms, found 3 plugins.
Preloading 0 native plugins for Editor in 0.00 ms.
Mono: successfully reloaded assembly
- Completed reload, in  0.968 seconds
Platform modules already initialized, skipping
Refreshing native plugins compatible for Editor in 0.54 ms, found 3 plugins.
Preloading 0 native plugins for Editor in 0.00 ms.
Unloading 2392 Unused Serialized files (Serialized files now loaded: 0)
System memory in use before: 112.3 MB.
System memory in use after: 112.4 MB.

Unloading 34 unused Assets to reduce memory usage. Loaded Objects now: 3037.
Total: 2.539600 ms (FindLiveObjects: 0.238900 ms CreateObjectMapping: 0.093700 ms MarkObjects: 2.116700 ms  DeleteObjects: 0.089500 ms)

========================================================================
Received Prepare
Registering precompiled user dll's ...
Registered in 0.006642 seconds.
Begin MonoManager ReloadAssembly
Native extension for WindowsStandalone target not found
Native extension for WebGL target not found
Refreshing native plugins compatible for Editor in 0.52 ms, found 3 plugins.
Preloading 0 native plugins for Editor in 0.00 ms.
Mono: successfully reloaded assembly
- Completed reload, in  0.964 seconds
Platform modules already initialized, skipping
Refreshing native plugins compatible for Editor in 0.53 ms, found 3 plugins.
Preloading 0 native plugins for Editor in 0.00 ms.
Unloading 2391 Unused Serialized files (Serialized files now loaded: 0)
System memory in use before: 112.3 MB.
System memory in use after: 112.4 MB.

Unloading 33 unused Assets to reduce memory usage. Loaded Objects now: 3042.
Total: 2.801300 ms (FindLiveObjects: 0.261400 ms CreateObjectMapping: 0.060600 ms MarkObjects: 2.380200 ms  DeleteObjects: 0.097900 ms)

========================================================================
Received Prepare
Registering precompiled user dll's ...
Registered in 0.007140 seconds.
Begin MonoManager ReloadAssembly
Native extension for WindowsStandalone target not found
Native extension for WebGL target not found
Refreshing native plugins compatible for Editor in 0.52 ms, found 3 plugins.
Preloading 0 native plugins for Editor in 0.00 ms.
Mono: successfully reloaded assembly
- Completed reload, in  0.879 seconds
Platform modules already initialized, skipping
Refreshing native plugins compatible for Editor in 0.48 ms, found 3 plugins.
Preloading 0 native plugins for Editor in 0.00 ms.
Unloading 2391 Unused Serialized files (Serialized files now loaded: 0)
System memory in use before: 112.3 MB.
System memory in use after: 112.4 MB.

Unloading 33 unused Assets to reduce memory usage. Loaded Objects now: 3047.
Total: 2.466700 ms (FindLiveObjects: 0.212000 ms CreateObjectMapping: 0.079100 ms MarkObjects: 2.095100 ms  DeleteObjects: 0.079900 ms)

========================================================================
Received Prepare
Registering precompiled user dll's ...
Registered in 0.007687 seconds.
Begin MonoManager ReloadAssembly
Native extension for WindowsStandalone target not found
Native extension for WebGL target not found
Refreshing native plugins compatible for Editor in 0.62 ms, found 3 plugins.
Preloading 0 native plugins for Editor in 0.00 ms.
Mono: successfully reloaded assembly
- Completed reload, in  0.899 seconds
Platform modules already initialized, skipping
Refreshing native plugins compatible for Editor in 0.51 ms, found 3 plugins.
Preloading 0 native plugins for Editor in 0.00 ms.
Unloading 2391 Unused Serialized files (Serialized files now loaded: 0)
System memory in use before: 112.3 MB.
System memory in use after: 112.4 MB.

Unloading 33 unused Assets to reduce memory usage. Loaded Objects now: 3052.
Total: 2.572700 ms (FindLiveObjects: 0.224600 ms CreateObjectMapping: 0.083600 ms MarkObjects: 2.169900 ms  DeleteObjects: 0.093900 ms)

========================================================================
Received Prepare
Registering precompiled user dll's ...
Registered in 0.006532 seconds.
Begin MonoManager ReloadAssembly
Native extension for WindowsStandalone target not found
Native extension for WebGL target not found
Refreshing native plugins compatible for Editor in 0.68 ms, found 3 plugins.
Preloading 0 native plugins for Editor in 0.00 ms.
Mono: successfully reloaded assembly
- Completed reload, in  0.893 seconds
Platform modules already initialized, skipping
Refreshing native plugins compatible for Editor in 0.52 ms, found 3 plugins.
Preloading 0 native plugins for Editor in 0.00 ms.
Unloading 2391 Unused Serialized files (Serialized files now loaded: 0)
System memory in use before: 112.3 MB.
System memory in use after: 112.4 MB.

Unloading 33 unused Assets to reduce memory usage. Loaded Objects now: 3057.
Total: 2.492200 ms (FindLiveObjects: 0.215700 ms CreateObjectMapping: 0.080700 ms MarkObjects: 2.105500 ms  DeleteObjects: 0.089500 ms)

========================================================================
Received Prepare
Registering precompiled user dll's ...
Registered in 0.006571 seconds.
Begin MonoManager ReloadAssembly
Native extension for WindowsStandalone target not found
Native extension for WebGL target not found
Refreshing native plugins compatible for Editor in 0.54 ms, found 3 plugins.
Preloading 0 native plugins for Editor in 0.00 ms.
Mono: successfully reloaded assembly
- Completed reload, in  0.900 seconds
Platform modules already initialized, skipping
Refreshing native plugins compatible for Editor in 0.57 ms, found 3 plugins.
Preloading 0 native plugins for Editor in 0.00 ms.
Unloading 2391 Unused Serialized files (Serialized files now loaded: 0)
System memory in use before: 112.4 MB.
System memory in use after: 112.4 MB.

Unloading 33 unused Assets to reduce memory usage. Loaded Objects now: 3062.
Total: 2.665800 ms (FindLiveObjects: 0.224600 ms CreateObjectMapping: 0.098900 ms MarkObjects: 2.247700 ms  DeleteObjects: 0.093800 ms)

========================================================================
Received Prepare
Registering precompiled user dll's ...
Registered in 0.006519 seconds.
Begin MonoManager ReloadAssembly
Native extension for WindowsStandalone target not found
Native extension for WebGL target not found
Refreshing native plugins compatible for Editor in 0.52 ms, found 3 plugins.
Preloading 0 native plugins for Editor in 0.00 ms.
Mono: successfully reloaded assembly
- Completed reload, in  0.856 seconds
Platform modules already initialized, skipping
Refreshing native plugins compatible for Editor in 0.48 ms, found 3 plugins.
Preloading 0 native plugins for Editor in 0.00 ms.
Unloading 2391 Unused Serialized files (Serialized files now loaded: 0)
System memory in use before: 112.4 MB.
System memory in use after: 112.4 MB.

Unloading 33 unused Assets to reduce memory usage. Loaded Objects now: 3067.
Total: 2.430300 ms (FindLiveObjects: 0.214700 ms CreateObjectMapping: 0.079100 ms MarkObjects: 2.056800 ms  DeleteObjects: 0.078900 ms)

========================================================================
Received Prepare
Registering precompiled user dll's ...
Registered in 0.007263 seconds.
Begin MonoManager ReloadAssembly
Native extension for WindowsStandalone target not found
Native extension for WebGL target not found
Refreshing native plugins compatible for Editor in 0.52 ms, found 3 plugins.
Preloading 0 native plugins for Editor in 0.00 ms.
Mono: successfully reloaded assembly
- Completed reload, in  0.874 seconds
Platform modules already initialized, skipping
Refreshing native plugins compatible for Editor in 0.48 ms, found 3 plugins.
Preloading 0 native plugins for Editor in 0.00 ms.
Unloading 2391 Unused Serialized files (Serialized files now loaded: 0)
System memory in use before: 112.4 MB.
System memory in use after: 112.5 MB.

Unloading 33 unused Assets to reduce memory usage. Loaded Objects now: 3072.
Total: 2.473000 ms (FindLiveObjects: 0.224000 ms CreateObjectMapping: 0.078600 ms MarkObjects: 2.090300 ms  DeleteObjects: 0.079400 ms)

========================================================================
Received Prepare
Registering precompiled user dll's ...
Registered in 0.006752 seconds.
Begin MonoManager ReloadAssembly
Native extension for WindowsStandalone target not found
Native extension for WebGL target not found
Refreshing native plugins compatible for Editor in 0.97 ms, found 3 plugins.
Preloading 0 native plugins for Editor in 0.00 ms.
Mono: successfully reloaded assembly
- Completed reload, in  0.906 seconds
Platform modules already initialized, skipping
Refreshing native plugins compatible for Editor in 0.46 ms, found 3 plugins.
Preloading 0 native plugins for Editor in 0.00 ms.
Unloading 2391 Unused Serialized files (Serialized files now loaded: 0)
System memory in use before: 112.4 MB.
System memory in use after: 112.5 MB.

Unloading 33 unused Assets to reduce memory usage. Loaded Objects now: 3077.
Total: 2.468200 ms (FindLiveObjects: 0.245600 ms CreateObjectMapping: 0.060600 ms MarkObjects: 2.077500 ms  DeleteObjects: 0.083600 ms)

========================================================================
Received Prepare
Registering precompiled user dll's ...
Registered in 0.006584 seconds.
Begin MonoManager ReloadAssembly
Native extension for WindowsStandalone target not found
Native extension for WebGL target not found
Refreshing native plugins compatible for Editor in 0.52 ms, found 3 plugins.
Preloading 0 native plugins for Editor in 0.00 ms.
Mono: successfully reloaded assembly
- Completed reload, in  0.869 seconds
Platform modules already initialized, skipping
Refreshing native plugins compatible for Editor in 0.51 ms, found 3 plugins.
Preloading 0 native plugins for Editor in 0.00 ms.
Unloading 2391 Unused Serialized files (Serialized files now loaded: 0)
System memory in use before: 112.4 MB.
System memory in use after: 112.5 MB.

Unloading 33 unused Assets to reduce memory usage. Loaded Objects now: 3082.
Total: 2.438600 ms (FindLiveObjects: 0.213800 ms CreateObjectMapping: 0.079100 ms MarkObjects: 2.068700 ms  DeleteObjects: 0.076300 ms)

========================================================================
Received Import Request.
  Time since last request: 1740.454926 seconds.
  path: ProjectSettings/TagManager.asset
  artifactKey: Guid(00000000000000003000000000000000) Importer(815301076,1909f56bfc062723c751e8b465ee728b)
Start importing ProjectSettings/TagManager.asset using Guid(00000000000000003000000000000000) Importer(815301076,1909f56bfc062723c751e8b465ee728b)  -> (artifact id: '95df672b4aaba54310d34c83eef51bb8') in 0.013836 seconds
  Import took 0.017074 seconds .

========================================================================
Received Prepare
Registering precompiled user dll's ...
Registered in 0.006597 seconds.
Begin MonoManager ReloadAssembly
Native extension for WindowsStandalone target not found
Native extension for WebGL target not found
Refreshing native plugins compatible for Editor in 0.57 ms, found 3 plugins.
Preloading 0 native plugins for Editor in 0.00 ms.
Mono: successfully reloaded assembly
- Completed reload, in  0.950 seconds
Platform modules already initialized, skipping
Refreshing native plugins compatible for Editor in 0.49 ms, found 3 plugins.
Preloading 0 native plugins for Editor in 0.00 ms.
Unloading 2391 Unused Serialized files (Serialized files now loaded: 0)
System memory in use before: 112.4 MB.
System memory in use after: 112.5 MB.

Unloading 34 unused Assets to reduce memory usage. Loaded Objects now: 3087.
Total: 2.694400 ms (FindLiveObjects: 0.216400 ms CreateObjectMapping: 0.080600 ms MarkObjects: 2.312300 ms  DeleteObjects: 0.084300 ms)

========================================================================
Received Prepare
Registering precompiled user dll's ...
Registered in 0.009664 seconds.
Begin MonoManager ReloadAssembly
Native extension for WindowsStandalone target not found
Native extension for WebGL target not found
Refreshing native plugins compatible for Editor in 0.53 ms, found 3 plugins.
Preloading 0 native plugins for Editor in 0.00 ms.
Mono: successfully reloaded assembly
- Completed reload, in  0.882 seconds
Platform modules already initialized, skipping
Refreshing native plugins compatible for Editor in 0.50 ms, found 3 plugins.
Preloading 0 native plugins for Editor in 0.00 ms.
Unloading 2391 Unused Serialized files (Serialized files now loaded: 0)
System memory in use before: 112.4 MB.
System memory in use after: 112.5 MB.

Unloading 33 unused Assets to reduce memory usage. Loaded Objects now: 3092.
Total: 2.555100 ms (FindLiveObjects: 0.233000 ms CreateObjectMapping: 0.084700 ms MarkObjects: 2.149900 ms  DeleteObjects: 0.086700 ms)

========================================================================
Received Prepare
Registering precompiled user dll's ...
Registered in 0.007026 seconds.
Begin MonoManager ReloadAssembly
Native extension for WindowsStandalone target not found
Native extension for WebGL target not found
Refreshing native plugins compatible for Editor in 0.52 ms, found 3 plugins.
Preloading 0 native plugins for Editor in 0.00 ms.
Mono: successfully reloaded assembly
- Completed reload, in  0.890 seconds
Platform modules already initialized, skipping
Refreshing native plugins compatible for Editor in 0.49 ms, found 3 plugins.
Preloading 0 native plugins for Editor in 0.00 ms.
Unloading 2391 Unused Serialized files (Serialized files now loaded: 0)
System memory in use before: 112.4 MB.
System memory in use after: 112.5 MB.

Unloading 33 unused Assets to reduce memory usage. Loaded Objects now: 3097.
Total: 2.396700 ms (FindLiveObjects: 0.221300 ms CreateObjectMapping: 0.083700 ms MarkObjects: 2.009400 ms  DeleteObjects: 0.081600 ms)

========================================================================
Received Prepare
Registering precompiled user dll's ...
Registered in 0.006894 seconds.
Begin MonoManager ReloadAssembly
Native extension for WindowsStandalone target not found
Native extension for WebGL target not found
Refreshing native plugins compatible for Editor in 0.54 ms, found 3 plugins.
Preloading 0 native plugins for Editor in 0.00 ms.
Mono: successfully reloaded assembly
- Completed reload, in  0.866 seconds
Platform modules already initialized, skipping
Refreshing native plugins compatible for Editor in 0.51 ms, found 3 plugins.
Preloading 0 native plugins for Editor in 0.00 ms.
Unloading 2391 Unused Serialized files (Serialized files now loaded: 0)
System memory in use before: 112.4 MB.
System memory in use after: 112.5 MB.

Unloading 33 unused Assets to reduce memory usage. Loaded Objects now: 3102.
Total: 2.561300 ms (FindLiveObjects: 0.206000 ms CreateObjectMapping: 0.074600 ms MarkObjects: 2.191400 ms  DeleteObjects: 0.088400 ms)

========================================================================
Received Prepare
Registering precompiled user dll's ...
Registered in 0.006613 seconds.
Begin MonoManager ReloadAssembly
Native extension for WindowsStandalone target not found
Native extension for WebGL target not found
Refreshing native plugins compatible for Editor in 0.53 ms, found 3 plugins.
Preloading 0 native plugins for Editor in 0.00 ms.
Mono: successfully reloaded assembly
- Completed reload, in  0.918 seconds
Platform modules already initialized, skipping
Refreshing native plugins compatible for Editor in 0.49 ms, found 3 plugins.
Preloading 0 native plugins for Editor in 0.00 ms.
Unloading 2391 Unused Serialized files (Serialized files now loaded: 0)
System memory in use before: 112.4 MB.
System memory in use after: 112.5 MB.

Unloading 33 unused Assets to reduce memory usage. Loaded Objects now: 3107.
Total: 2.597200 ms (FindLiveObjects: 0.229200 ms CreateObjectMapping: 0.091600 ms MarkObjects: 2.190200 ms  DeleteObjects: 0.085300 ms)

========================================================================
Received Prepare
Registering precompiled user dll's ...
Registered in 0.006443 seconds.
Begin MonoManager ReloadAssembly
Native extension for WindowsStandalone target not found
Native extension for WebGL target not found
Refreshing native plugins compatible for Editor in 0.53 ms, found 3 plugins.
Preloading 0 native plugins for Editor in 0.00 ms.
Mono: successfully reloaded assembly
- Completed reload, in  0.891 seconds
Platform modules already initialized, skipping
Refreshing native plugins compatible for Editor in 0.52 ms, found 3 plugins.
Preloading 0 native plugins for Editor in 0.00 ms.
Unloading 2392 Unused Serialized files (Serialized files now loaded: 0)
System memory in use before: 112.5 MB.
System memory in use after: 112.5 MB.

Unloading 33 unused Assets to reduce memory usage. Loaded Objects now: 3113.
Total: 2.389400 ms (FindLiveObjects: 0.242500 ms CreateObjectMapping: 0.062200 ms MarkObjects: 1.995200 ms  DeleteObjects: 0.088400 ms)

========================================================================
Received Import Request.
  Time since last request: 1834.444181 seconds.
  path: Assets/Explosion.prefab
  artifactKey: Guid(9920695cc2393004e8005c8aecf84228) Importer(815301076,1909f56bfc062723c751e8b465ee728b)
Start importing Assets/Explosion.prefab using Guid(9920695cc2393004e8005c8aecf84228) Importer(815301076,1909f56bfc062723c751e8b465ee728b)  -> (artifact id: '74f87c0b06730f6526c1ba5e5aae99c5') in 0.047919 seconds
  Import took 0.051709 seconds .

========================================================================
Received Prepare
Registering precompiled user dll's ...
Registered in 0.006804 seconds.
Begin MonoManager ReloadAssembly
Native extension for WindowsStandalone target not found
Native extension for WebGL target not found
Refreshing native plugins compatible for Editor in 0.53 ms, found 3 plugins.
Preloading 0 native plugins for Editor in 0.00 ms.
Mono: successfully reloaded assembly
- Completed reload, in  0.970 seconds
Platform modules already initialized, skipping
Refreshing native plugins compatible for Editor in 0.51 ms, found 3 plugins.
Preloading 0 native plugins for Editor in 0.00 ms.
Unloading 2392 Unused Serialized files (Serialized files now loaded: 0)
System memory in use before: 112.5 MB.
System memory in use after: 112.6 MB.

Unloading 33 unused Assets to reduce memory usage. Loaded Objects now: 3119.
Total: 2.673000 ms (FindLiveObjects: 0.269400 ms CreateObjectMapping: 0.094200 ms MarkObjects: 2.202800 ms  DeleteObjects: 0.105600 ms)

========================================================================
Received Import Request.
  Time since last request: 73.146721 seconds.
  path: Assets/Explosion.prefab
  artifactKey: Guid(9920695cc2393004e8005c8aecf84228) Importer(815301076,1909f56bfc062723c751e8b465ee728b)
Start importing Assets/Explosion.prefab using Guid(9920695cc2393004e8005c8aecf84228) Importer(815301076,1909f56bfc062723c751e8b465ee728b)  -> (artifact id: 'a2838364bf0db3f01f950fdc2a91500e') in 0.040164 seconds
  Import took 0.044458 seconds .

========================================================================
Received Import Request.
  Time since last request: 0.001033 seconds.
  path: Assets/Explosion.prefab
  artifactKey: Guid(9920695cc2393004e8005c8aecf84228) Importer(815301076,1909f56bfc062723c751e8b465ee728b)
Start importing Assets/Explosion.prefab using Guid(9920695cc2393004e8005c8aecf84228) Importer(815301076,1909f56bfc062723c751e8b465ee728b)  -> (artifact id: 'a2838364bf0db3f01f950fdc2a91500e') in 0.007154 seconds
  Import took 0.010256 seconds .

========================================================================
Received Prepare
Registering precompiled user dll's ...
Registered in 0.007637 seconds.
Begin MonoManager ReloadAssembly
Native extension for WindowsStandalone target not found
Native extension for WebGL target not found
Refreshing native plugins compatible for Editor in 0.53 ms, found 3 plugins.
Preloading 0 native plugins for Editor in 0.00 ms.
Mono: successfully reloaded assembly
- Completed reload, in  0.905 seconds
Platform modules already initialized, skipping
Refreshing native plugins compatible for Editor in 0.49 ms, found 3 plugins.
Preloading 0 native plugins for Editor in 0.00 ms.
Unloading 2392 Unused Serialized files (Serialized files now loaded: 0)
System memory in use before: 112.5 MB.
System memory in use after: 112.6 MB.

Unloading 33 unused Assets to reduce memory usage. Loaded Objects now: 3125.
Total: 2.468500 ms (FindLiveObjects: 0.234300 ms CreateObjectMapping: 0.084400 ms MarkObjects: 2.062200 ms  DeleteObjects: 0.086900 ms)

========================================================================
Received Prepare
Registering precompiled user dll's ...
Registered in 0.007404 seconds.
Begin MonoManager ReloadAssembly
Native extension for WindowsStandalone target not found
Native extension for WebGL target not found
Refreshing native plugins compatible for Editor in 0.54 ms, found 3 plugins.
Preloading 0 native plugins for Editor in 0.00 ms.
Mono: successfully reloaded assembly
- Completed reload, in  0.951 seconds
Platform modules already initialized, skipping
Refreshing native plugins compatible for Editor in 0.71 ms, found 3 plugins.
Preloading 0 native plugins for Editor in 0.00 ms.
Unloading 2392 Unused Serialized files (Serialized files now loaded: 0)
System memory in use before: 112.5 MB.
System memory in use after: 112.6 MB.

Unloading 33 unused Assets to reduce memory usage. Loaded Objects now: 3130.
Total: 3.794900 ms (FindLiveObjects: 0.197000 ms CreateObjectMapping: 0.075900 ms MarkObjects: 3.418900 ms  DeleteObjects: 0.102200 ms)

========================================================================
Received Prepare
Registering precompiled user dll's ...
Registered in 0.008337 seconds.
Begin MonoManager ReloadAssembly
Native extension for WindowsStandalone target not found
Native extension for WebGL target not found
Refreshing native plugins compatible for Editor in 0.61 ms, found 3 plugins.
Preloading 0 native plugins for Editor in 0.00 ms.
Mono: successfully reloaded assembly
- Completed reload, in  0.942 seconds
Platform modules already initialized, skipping
Refreshing native plugins compatible for Editor in 0.59 ms, found 3 plugins.
Preloading 0 native plugins for Editor in 0.00 ms.
Unloading 2392 Unused Serialized files (Serialized files now loaded: 0)
System memory in use before: 112.5 MB.
System memory in use after: 112.6 MB.

Unloading 33 unused Assets to reduce memory usage. Loaded Objects now: 3135.
Total: 2.529200 ms (FindLiveObjects: 0.234100 ms CreateObjectMapping: 0.085600 ms MarkObjects: 2.123000 ms  DeleteObjects: 0.085800 ms)

========================================================================
Received Prepare
Registering precompiled user dll's ...
Registered in 0.007732 seconds.
Begin MonoManager ReloadAssembly
Native extension for WindowsStandalone target not found
Native extension for WebGL target not found
Refreshing native plugins compatible for Editor in 0.83 ms, found 3 plugins.
Preloading 0 native plugins for Editor in 0.00 ms.
Mono: successfully reloaded assembly
- Completed reload, in  1.050 seconds
Platform modules already initialized, skipping
Refreshing native plugins compatible for Editor in 0.68 ms, found 3 plugins.
Preloading 0 native plugins for Editor in 0.00 ms.
Unloading 2392 Unused Serialized files (Serialized files now loaded: 0)
System memory in use before: 112.5 MB.
System memory in use after: 112.6 MB.

Unloading 33 unused Assets to reduce memory usage. Loaded Objects now: 3140.
Total: 2.694300 ms (FindLiveObjects: 0.244500 ms CreateObjectMapping: 0.081600 ms MarkObjects: 2.267400 ms  DeleteObjects: 0.099700 ms)

========================================================================
Received Prepare
Registering precompiled user dll's ...
Registered in 0.006811 seconds.
Begin MonoManager ReloadAssembly
Native extension for WindowsStandalone target not found
Native extension for WebGL target not found
Refreshing native plugins compatible for Editor in 0.53 ms, found 3 plugins.
Preloading 0 native plugins for Editor in 0.00 ms.
Mono: successfully reloaded assembly
- Completed reload, in  0.892 seconds
Platform modules already initialized, skipping
Refreshing native plugins compatible for Editor in 0.47 ms, found 3 plugins.
Preloading 0 native plugins for Editor in 0.00 ms.
Unloading 2392 Unused Serialized files (Serialized files now loaded: 0)
System memory in use before: 112.6 MB.
System memory in use after: 112.6 MB.

Unloading 33 unused Assets to reduce memory usage. Loaded Objects now: 3145.
Total: 2.455900 ms (FindLiveObjects: 0.219000 ms CreateObjectMapping: 0.080800 ms MarkObjects: 2.084400 ms  DeleteObjects: 0.070800 ms)

========================================================================
Received Prepare
Registering precompiled user dll's ...
Registered in 0.006561 seconds.
Begin MonoManager ReloadAssembly
Native extension for WindowsStandalone target not found
Native extension for WebGL target not found
Refreshing native plugins compatible for Editor in 0.53 ms, found 3 plugins.
Preloading 0 native plugins for Editor in 0.00 ms.
Mono: successfully reloaded assembly
- Completed reload, in  0.880 seconds
Platform modules already initialized, skipping
Refreshing native plugins compatible for Editor in 0.51 ms, found 3 plugins.
Preloading 0 native plugins for Editor in 0.00 ms.
Unloading 2392 Unused Serialized files (Serialized files now loaded: 0)
System memory in use before: 112.6 MB.
System memory in use after: 112.6 MB.

Unloading 33 unused Assets to reduce memory usage. Loaded Objects now: 3150.
Total: 2.740700 ms (FindLiveObjects: 0.238900 ms CreateObjectMapping: 0.090800 ms MarkObjects: 2.329600 ms  DeleteObjects: 0.080600 ms)

========================================================================
Received Prepare
Registering precompiled user dll's ...
Registered in 0.008121 seconds.
Begin MonoManager ReloadAssembly
Native extension for WindowsStandalone target not found
Native extension for WebGL target not found
Refreshing native plugins compatible for Editor in 0.53 ms, found 3 plugins.
Preloading 0 native plugins for Editor in 0.00 ms.
Mono: successfully reloaded assembly
- Completed reload, in  0.891 seconds
Platform modules already initialized, skipping
Refreshing native plugins compatible for Editor in 0.49 ms, found 3 plugins.
Preloading 0 native plugins for Editor in 0.00 ms.
Unloading 2392 Unused Serialized files (Serialized files now loaded: 0)
System memory in use before: 112.6 MB.
System memory in use after: 112.7 MB.

Unloading 33 unused Assets to reduce memory usage. Loaded Objects now: 3155.
Total: 2.511900 ms (FindLiveObjects: 0.220000 ms CreateObjectMapping: 0.078700 ms MarkObjects: 2.132200 ms  DeleteObjects: 0.080000 ms)

========================================================================
Received Prepare
Registering precompiled user dll's ...
Registered in 0.007194 seconds.
Begin MonoManager ReloadAssembly
Native extension for WindowsStandalone target not found
Native extension for WebGL target not found
Refreshing native plugins compatible for Editor in 0.53 ms, found 3 plugins.
Preloading 0 native plugins for Editor in 0.00 ms.
Mono: successfully reloaded assembly
- Completed reload, in  0.894 seconds
Platform modules already initialized, skipping
Refreshing native plugins compatible for Editor in 0.47 ms, found 3 plugins.
Preloading 0 native plugins for Editor in 0.00 ms.
Unloading 2392 Unused Serialized files (Serialized files now loaded: 0)
System memory in use before: 112.6 MB.
System memory in use after: 112.7 MB.

Unloading 33 unused Assets to reduce memory usage. Loaded Objects now: 3160.
Total: 2.603400 ms (FindLiveObjects: 0.221900 ms CreateObjectMapping: 0.089800 ms MarkObjects: 2.202500 ms  DeleteObjects: 0.088400 ms)

========================================================================
Received Prepare
Registering precompiled user dll's ...
Registered in 0.006560 seconds.
Begin MonoManager ReloadAssembly
Native extension for WindowsStandalone target not found
Native extension for WebGL target not found
Refreshing native plugins compatible for Editor in 0.53 ms, found 3 plugins.
Preloading 0 native plugins for Editor in 0.00 ms.
Mono: successfully reloaded assembly
- Completed reload, in  0.883 seconds
Platform modules already initialized, skipping
Refreshing native plugins compatible for Editor in 0.48 ms, found 3 plugins.
Preloading 0 native plugins for Editor in 0.00 ms.
Unloading 2392 Unused Serialized files (Serialized files now loaded: 0)
System memory in use before: 112.6 MB.
System memory in use after: 112.7 MB.

Unloading 33 unused Assets to reduce memory usage. Loaded Objects now: 3165.
Total: 2.563600 ms (FindLiveObjects: 0.224500 ms CreateObjectMapping: 0.085400 ms MarkObjects: 2.176800 ms  DeleteObjects: 0.076200 ms)

========================================================================
Received Import Request.
  Time since last request: 994.577235 seconds.
  path: Assets/Explosion.prefab
  artifactKey: Guid(9920695cc2393004e8005c8aecf84228) Importer(815301076,1909f56bfc062723c751e8b465ee728b)
Start importing Assets/Explosion.prefab using Guid(9920695cc2393004e8005c8aecf84228) Importer(815301076,1909f56bfc062723c751e8b465ee728b)  -> (artifact id: '9d8c67058742a04c416cdf820ff5fe8a') in 0.038923 seconds
  Import took 0.041973 seconds .

========================================================================
Received Import Request.
  Time since last request: 8.262211 seconds.
  path: Assets/Explosion.prefab
  artifactKey: Guid(9920695cc2393004e8005c8aecf84228) Importer(815301076,1909f56bfc062723c751e8b465ee728b)
Start importing Assets/Explosion.prefab using Guid(9920695cc2393004e8005c8aecf84228) Importer(815301076,1909f56bfc062723c751e8b465ee728b)  -> (artifact id: 'e3bda4ddce49ee802ac705cc02a861e4') in 0.006311 seconds
  Import took 0.047607 seconds .

========================================================================
Received Import Request.
  Time since last request: 0.961248 seconds.
  path: Assets/Explosion.prefab
  artifactKey: Guid(9920695cc2393004e8005c8aecf84228) Importer(815301076,1909f56bfc062723c751e8b465ee728b)
Start importing Assets/Explosion.prefab using Guid(9920695cc2393004e8005c8aecf84228) Importer(815301076,1909f56bfc062723c751e8b465ee728b)  -> (artifact id: '02a62d0c6f3bf4acabd828d7e50b690f') in 0.009425 seconds
  Import took 0.012534 seconds .

========================================================================
Received Import Request.
  Time since last request: 4.028993 seconds.
  path: Assets/Explosion.prefab
  artifactKey: Guid(9920695cc2393004e8005c8aecf84228) Importer(815301076,1909f56bfc062723c751e8b465ee728b)
Start importing Assets/Explosion.prefab using Guid(9920695cc2393004e8005c8aecf84228) Importer(815301076,1909f56bfc062723c751e8b465ee728b)  -> (artifact id: '7166b14b96956a18bb0022a82eb38f49') in 0.005505 seconds
  Import took 0.008682 seconds .

========================================================================
Received Import Request.
  Time since last request: 2.626097 seconds.
  path: Assets/Explosion.prefab
  artifactKey: Guid(9920695cc2393004e8005c8aecf84228) Importer(815301076,1909f56bfc062723c751e8b465ee728b)
Start importing Assets/Explosion.prefab using Guid(9920695cc2393004e8005c8aecf84228) Importer(815301076,1909f56bfc062723c751e8b465ee728b)  -> (artifact id: '688caf4016e8548efbf472f55d9f26e7') in 0.005727 seconds
  Import took 0.008746 seconds .

========================================================================
Received Import Request.
  Time since last request: 3.407060 seconds.
  path: Assets/Explosion.prefab
  artifactKey: Guid(9920695cc2393004e8005c8aecf84228) Importer(815301076,1909f56bfc062723c751e8b465ee728b)
Start importing Assets/Explosion.prefab using Guid(9920695cc2393004e8005c8aecf84228) Importer(815301076,1909f56bfc062723c751e8b465ee728b)  -> (artifact id: '2e5a792bb53077143b3e5e9e59c985be') in 0.005949 seconds
  Import took 0.009009 seconds .

========================================================================
Received Import Request.
  Time since last request: 1.400764 seconds.
  path: Assets/Explosion.prefab
  artifactKey: Guid(9920695cc2393004e8005c8aecf84228) Importer(815301076,1909f56bfc062723c751e8b465ee728b)
Start importing Assets/Explosion.prefab using Guid(9920695cc2393004e8005c8aecf84228) Importer(815301076,1909f56bfc062723c751e8b465ee728b)  -> (artifact id: '43c97f1d842c73ef83e53a0dcc48f3ce') in 0.005652 seconds
  Import took 0.008751 seconds .

========================================================================
Received Import Request.
  Time since last request: 4.618329 seconds.
  path: Assets/Explosion.prefab
  artifactKey: Guid(9920695cc2393004e8005c8aecf84228) Importer(815301076,1909f56bfc062723c751e8b465ee728b)
Start importing Assets/Explosion.prefab using Guid(9920695cc2393004e8005c8aecf84228) Importer(815301076,1909f56bfc062723c751e8b465ee728b)  -> (artifact id: '617a7e3e17c061098da191ee3936c6c1') in 0.005934 seconds
  Import took 0.009257 seconds .

========================================================================
Received Import Request.
  Time since last request: 3.014689 seconds.
  path: Assets/Explosion.prefab
  artifactKey: Guid(9920695cc2393004e8005c8aecf84228) Importer(815301076,1909f56bfc062723c751e8b465ee728b)
Start importing Assets/Explosion.prefab using Guid(9920695cc2393004e8005c8aecf84228) Importer(815301076,1909f56bfc062723c751e8b465ee728b)  -> (artifact id: '399d309d0647edc79bd331f4d19df9fb') in 0.005938 seconds
  Import took 0.009081 seconds .

========================================================================
Received Import Request.
  Time since last request: 2.409206 seconds.
  path: Assets/Explosion.prefab
  artifactKey: Guid(9920695cc2393004e8005c8aecf84228) Importer(815301076,1909f56bfc062723c751e8b465ee728b)
Start importing Assets/Explosion.prefab using Guid(9920695cc2393004e8005c8aecf84228) Importer(815301076,1909f56bfc062723c751e8b465ee728b)  -> (artifact id: '5205fe6fbf11b690040414c85817dae5') in 0.005793 seconds
  Import took 0.009065 seconds .

========================================================================
Received Import Request.
  Time since last request: 1.600791 seconds.
  path: Assets/Explosion.prefab
  artifactKey: Guid(9920695cc2393004e8005c8aecf84228) Importer(815301076,1909f56bfc062723c751e8b465ee728b)
Start importing Assets/Explosion.prefab using Guid(9920695cc2393004e8005c8aecf84228) Importer(815301076,1909f56bfc062723c751e8b465ee728b)  -> (artifact id: 'a0ae5c49154cb5b9900663d911585a1a') in 0.005616 seconds
  Import took 0.049891 seconds .

========================================================================
Received Import Request.
  Time since last request: 3.177458 seconds.
  path: Assets/Explosion.prefab
  artifactKey: Guid(9920695cc2393004e8005c8aecf84228) Importer(815301076,1909f56bfc062723c751e8b465ee728b)
Start importing Assets/Explosion.prefab using Guid(9920695cc2393004e8005c8aecf84228) Importer(815301076,1909f56bfc062723c751e8b465ee728b)  -> (artifact id: '5f5a1432460e3dc12b0b50fcd7cae9ed') in 0.005905 seconds
  Import took 0.043128 seconds .

========================================================================
Received Prepare
Registering precompiled user dll's ...
Registered in 0.006634 seconds.
Begin MonoManager ReloadAssembly
Native extension for WindowsStandalone target not found
Native extension for WebGL target not found
Refreshing native plugins compatible for Editor in 0.52 ms, found 3 plugins.
Preloading 0 native plugins for Editor in 0.00 ms.
Mono: successfully reloaded assembly
- Completed reload, in  0.891 seconds
Platform modules already initialized, skipping
Refreshing native plugins compatible for Editor in 0.50 ms, found 3 plugins.
Preloading 0 native plugins for Editor in 0.00 ms.
Unloading 2392 Unused Serialized files (Serialized files now loaded: 0)
System memory in use before: 112.6 MB.
System memory in use after: 112.7 MB.

Unloading 33 unused Assets to reduce memory usage. Loaded Objects now: 3171.
Total: 2.293300 ms (FindLiveObjects: 0.202100 ms CreateObjectMapping: 0.061400 ms MarkObjects: 1.942600 ms  DeleteObjects: 0.086200 ms)

========================================================================
Received Import Request.
  Time since last request: 83.932904 seconds.
  path: Assets/Explosion.prefab
  artifactKey: Guid(9920695cc2393004e8005c8aecf84228) Importer(815301076,1909f56bfc062723c751e8b465ee728b)
Start importing Assets/Explosion.prefab using Guid(9920695cc2393004e8005c8aecf84228) Importer(815301076,1909f56bfc062723c751e8b465ee728b)  -> (artifact id: '29d90560ac7d590e340f52d5af84397f') in 0.037124 seconds
  Import took 0.040047 seconds .

========================================================================
Received Import Request.
  Time since last request: 3.809279 seconds.
  path: Assets/Explosion.prefab
  artifactKey: Guid(9920695cc2393004e8005c8aecf84228) Importer(815301076,1909f56bfc062723c751e8b465ee728b)
Start importing Assets/Explosion.prefab using Guid(9920695cc2393004e8005c8aecf84228) Importer(815301076,1909f56bfc062723c751e8b465ee728b)  -> (artifact id: 'bf2ce0e1a25f5be165de1c1b33551f9b') in 0.006321 seconds
  Import took 0.009469 seconds .

========================================================================
Received Prepare
Registering precompiled user dll's ...
Registered in 0.006416 seconds.
Begin MonoManager ReloadAssembly
Native extension for WindowsStandalone target not found
Native extension for WebGL target not found
Refreshing native plugins compatible for Editor in 0.55 ms, found 3 plugins.
Preloading 0 native plugins for Editor in 0.00 ms.
Mono: successfully reloaded assembly
- Completed reload, in  0.912 seconds
Platform modules already initialized, skipping
Refreshing native plugins compatible for Editor in 0.48 ms, found 3 plugins.
Preloading 0 native plugins for Editor in 0.00 ms.
Unloading 2392 Unused Serialized files (Serialized files now loaded: 0)
System memory in use before: 112.6 MB.
System memory in use after: 112.7 MB.

Unloading 33 unused Assets to reduce memory usage. Loaded Objects now: 3177.
Total: 2.441300 ms (FindLiveObjects: 0.221500 ms CreateObjectMapping: 0.061700 ms MarkObjects: 2.084600 ms  DeleteObjects: 0.072900 ms)

========================================================================
Received Import Request.
  Time since last request: 40.037557 seconds.
  path: Assets/Explosion.prefab
  artifactKey: Guid(9920695cc2393004e8005c8aecf84228) Importer(815301076,1909f56bfc062723c751e8b465ee728b)
Start importing Assets/Explosion.prefab using Guid(9920695cc2393004e8005c8aecf84228) Importer(815301076,1909f56bfc062723c751e8b465ee728b)  -> (artifact id: '6fff6a039ef31f3f40729ec9057c2fd4') in 0.040349 seconds
  Import took 0.043469 seconds .

========================================================================
Received Prepare
Registering precompiled user dll's ...
Registered in 0.006518 seconds.
Begin MonoManager ReloadAssembly
Native extension for WindowsStandalone target not found
Native extension for WebGL target not found
Refreshing native plugins compatible for Editor in 0.53 ms, found 3 plugins.
Preloading 0 native plugins for Editor in 0.00 ms.
Mono: successfully reloaded assembly
- Completed reload, in  0.897 seconds
Platform modules already initialized, skipping
Refreshing native plugins compatible for Editor in 0.56 ms, found 3 plugins.
Preloading 0 native plugins for Editor in 0.00 ms.
Unloading 2392 Unused Serialized files (Serialized files now loaded: 0)
System memory in use before: 112.6 MB.
System memory in use after: 112.7 MB.

Unloading 33 unused Assets to reduce memory usage. Loaded Objects now: 3183.
Total: 2.375400 ms (FindLiveObjects: 0.243200 ms CreateObjectMapping: 0.063100 ms MarkObjects: 1.975000 ms  DeleteObjects: 0.093400 ms)

========================================================================
Received Import Request.
  Time since last request: 103.322532 seconds.
  path: Assets/Explosion.prefab
  artifactKey: Guid(9920695cc2393004e8005c8aecf84228) Importer(815301076,1909f56bfc062723c751e8b465ee728b)
Start importing Assets/Explosion.prefab using Guid(9920695cc2393004e8005c8aecf84228) Importer(815301076,1909f56bfc062723c751e8b465ee728b)  -> (artifact id: '6cdaf16679b53bdee675d4ed18504316') in 0.037654 seconds
  Import took 0.041093 seconds .

========================================================================
Received Prepare
Registering precompiled user dll's ...
Registered in 0.007492 seconds.
Begin MonoManager ReloadAssembly
Native extension for WindowsStandalone target not found
Native extension for WebGL target not found
Refreshing native plugins compatible for Editor in 0.53 ms, found 3 plugins.
Preloading 0 native plugins for Editor in 0.00 ms.
Mono: successfully reloaded assembly
- Completed reload, in  0.914 seconds
Platform modules already initialized, skipping
Refreshing native plugins compatible for Editor in 0.47 ms, found 3 plugins.
Preloading 0 native plugins for Editor in 0.00 ms.
Unloading 2392 Unused Serialized files (Serialized files now loaded: 0)
System memory in use before: 112.6 MB.
System memory in use after: 112.7 MB.

Unloading 33 unused Assets to reduce memory usage. Loaded Objects now: 3189.
Total: 2.542800 ms (FindLiveObjects: 0.242300 ms CreateObjectMapping: 0.081600 ms MarkObjects: 2.140600 ms  DeleteObjects: 0.077500 ms)

