Using pre-set license
Built from '2020.3/staging' branch; Version is '2020.3.11f1 (99c7afb366b3) revision 10078127'; Using compiler version '192528614'; Build Type 'Release'
OS: 'Windows 10 Home; OS build 19044.1706; Version 2009; 64bit' Language: 'en' Physical Memory: 16310 MB
BatchMode: 1, IsHumanControllingUs: 0, StartBugReporterOnCrash: 0, Is64bit: 1, IsPro: 0

 COMMAND LINE ARGUMENTS:
C:\Program Files\unity\2020.3.11f1\Editor\Unity.exe
-adb2
-batchMode
-noUpm
-name
AssetImportWorker0
-projectPath
D:/UnityRepos/MissleComamnd/Git
-logFile
Logs/AssetImportWorker0.log
-srvPort
64538
Successfully changed project path to: D:/UnityRepos/MissleComamnd/Git
D:/UnityRepos/MissleComamnd/Git
Using Asset Import Pipeline V2.
Refreshing native plugins compatible for Editor in 48.74 ms, found 3 plugins.
Preloading 0 native plugins for Editor in 0.00 ms.
Initialize engine version: 2020.3.11f1 (99c7afb366b3)
[Subsystems] Discovering subsystems at path C:/Program Files/unity/2020.3.11f1/Editor/Data/Resources/UnitySubsystems
[Subsystems] Discovering subsystems at path D:/UnityRepos/MissleComamnd/Git/Assets
GfxDevice: creating device client; threaded=0
Direct3D:
    Version:  Direct3D 11.0 [level 11.1]
    Renderer: Radeon RX 580 Series (ID=0x67df)
    Vendor:   
    VRAM:     4075 MB
    Driver:   30.0.13023.4001
Initialize mono
Mono path[0] = 'C:/Program Files/unity/2020.3.11f1/Editor/Data/Managed'
Mono path[1] = 'C:/Program Files/unity/2020.3.11f1/Editor/Data/MonoBleedingEdge/lib/mono/unityjit'
Mono config path = 'C:/Program Files/unity/2020.3.11f1/Editor/Data/MonoBleedingEdge/etc'
Using monoOptions --debugger-agent=transport=dt_socket,embedding=1,server=y,suspend=n,address=127.0.0.1:56764
Begin MonoManager ReloadAssembly
Registering precompiled unity dll's ...
Register platform support module: C:/Program Files/unity/2020.3.11f1/Editor/Data/PlaybackEngines/WebGLSupport/UnityEditor.WebGL.Extensions.dll
Register platform support module: C:/Program Files/unity/2020.3.11f1/Editor/Data/PlaybackEngines/WindowsStandaloneSupport/UnityEditor.WindowsStandalone.Extensions.dll
Registered in 0.002116 seconds.
Native extension for WindowsStandalone target not found
Native extension for WebGL target not found
Refreshing native plugins compatible for Editor in 36.00 ms, found 3 plugins.
Preloading 0 native plugins for Editor in 0.00 ms.
Mono: successfully reloaded assembly
- Completed reload, in  1.542 seconds
Platform modules already initialized, skipping
Registering precompiled user dll's ...
Registered in 0.007129 seconds.
Begin MonoManager ReloadAssembly
Native extension for WindowsStandalone target not found
Native extension for WebGL target not found
Refreshing native plugins compatible for Editor in 35.17 ms, found 3 plugins.
Preloading 0 native plugins for Editor in 0.00 ms.
Mono: successfully reloaded assembly
- Completed reload, in  1.112 seconds
Platform modules already initialized, skipping
========================================================================
Worker process is ready to serve import requests
Launched and connected shader compiler UnityShaderCompiler.exe after 0.05 seconds
Refreshing native plugins compatible for Editor in 0.50 ms, found 3 plugins.
Preloading 0 native plugins for Editor in 0.00 ms.
Unloading 2406 Unused Serialized files (Serialized files now loaded: 0)
System memory in use before: 109.1 MB.
System memory in use after: 109.2 MB.

Unloading 45 unused Assets to reduce memory usage. Loaded Objects now: 2834.
Total: 2.347300 ms (FindLiveObjects: 0.182000 ms CreateObjectMapping: 0.060400 ms MarkObjects: 1.994400 ms  DeleteObjects: 0.109500 ms)

========================================================================
Received Import Request.
  path: Assets/EnemyRocket.prefab
  artifactKey: Guid(6e2c692ceb922ae4db903e1c9c67cabd) Importer(815301076,1909f56bfc062723c751e8b465ee728b)
Start importing Assets/EnemyRocket.prefab using Guid(6e2c692ceb922ae4db903e1c9c67cabd) Importer(815301076,1909f56bfc062723c751e8b465ee728b)  -> (artifact id: '71f8eee59970e1bbce79e8b47a23f124') in 0.084853 seconds
  Import took 0.186199 seconds .

========================================================================
Received Import Request.
  Time since last request: 0.000255 seconds.
  path: Assets/Explosion.prefab
  artifactKey: Guid(9920695cc2393004e8005c8aecf84228) Importer(815301076,1909f56bfc062723c751e8b465ee728b)
Start importing Assets/Explosion.prefab using Guid(9920695cc2393004e8005c8aecf84228) Importer(815301076,1909f56bfc062723c751e8b465ee728b)  -> (artifact id: '8cead54824da84fc101a77ff5083d659') in 0.010808 seconds
  Import took 0.017651 seconds .

========================================================================
Received Import Request.
  Time since last request: 0.000195 seconds.
  path: Assets/Rocket.prefab
  artifactKey: Guid(5f4fdc1fa4f032f40af61f390ccd3931) Importer(815301076,1909f56bfc062723c751e8b465ee728b)
Start importing Assets/Rocket.prefab using Guid(5f4fdc1fa4f032f40af61f390ccd3931) Importer(815301076,1909f56bfc062723c751e8b465ee728b)  -> (artifact id: '9fa9c7d79872e2157451ee74a2855704') in 0.010594 seconds
  Import took 0.013874 seconds .

========================================================================
Received Import Request.
  Time since last request: 24.491810 seconds.
  path: Assets/GameobjectPooler.cs
  artifactKey: Guid(96bb4779df21834419ad6af41cf58771) Importer(815301076,1909f56bfc062723c751e8b465ee728b)
Start importing Assets/GameobjectPooler.cs using Guid(96bb4779df21834419ad6af41cf58771) Importer(815301076,1909f56bfc062723c751e8b465ee728b)  -> (artifact id: '5b4938aacd7be9975e07a6c8e0147cdc') in 0.009056 seconds
  Import took 0.028179 seconds .

========================================================================
Received Import Request.
  Time since last request: 0.001130 seconds.
  path: Assets/GameobjectPooler.cs
  artifactKey: Guid(96bb4779df21834419ad6af41cf58771) Importer(815301076,1909f56bfc062723c751e8b465ee728b)
Start importing Assets/GameobjectPooler.cs using Guid(96bb4779df21834419ad6af41cf58771) Importer(815301076,1909f56bfc062723c751e8b465ee728b)  -> (artifact id: '5b4938aacd7be9975e07a6c8e0147cdc') in 0.001976 seconds
  Import took 0.004818 seconds .

========================================================================
Received Import Request.
  Time since last request: 5.376897 seconds.
  path: Assets/GameDirector.cs
  artifactKey: Guid(c7a4024b1ec604045bf555397c3984cd) Importer(815301076,1909f56bfc062723c751e8b465ee728b)
Start importing Assets/GameDirector.cs using Guid(c7a4024b1ec604045bf555397c3984cd) Importer(815301076,1909f56bfc062723c751e8b465ee728b)  -> (artifact id: '5ae73699522bad527a72e2df5b686210') in 0.005254 seconds
  Import took 0.023706 seconds .

========================================================================
Received Prepare
Registering precompiled user dll's ...
Registered in 0.008504 seconds.
Begin MonoManager ReloadAssembly
Native extension for WindowsStandalone target not found
Native extension for WebGL target not found
Refreshing native plugins compatible for Editor in 0.55 ms, found 3 plugins.
Preloading 0 native plugins for Editor in 0.00 ms.
Mono: successfully reloaded assembly
- Completed reload, in  0.958 seconds
Platform modules already initialized, skipping
Refreshing native plugins compatible for Editor in 0.62 ms, found 3 plugins.
Preloading 0 native plugins for Editor in 0.00 ms.
Unloading 2400 Unused Serialized files (Serialized files now loaded: 0)
System memory in use before: 112.1 MB.
System memory in use after: 112.2 MB.

Unloading 34 unused Assets to reduce memory usage. Loaded Objects now: 2845.
Total: 3.459000 ms (FindLiveObjects: 0.277600 ms CreateObjectMapping: 0.113100 ms MarkObjects: 2.910500 ms  DeleteObjects: 0.156300 ms)

========================================================================
Received Import Request.
  Time since last request: 7.004954 seconds.
  path: Assets/EnemyRocket.prefab
  artifactKey: Guid(6e2c692ceb922ae4db903e1c9c67cabd) Importer(815301076,1909f56bfc062723c751e8b465ee728b)
Start importing Assets/EnemyRocket.prefab using Guid(6e2c692ceb922ae4db903e1c9c67cabd) Importer(815301076,1909f56bfc062723c751e8b465ee728b)  -> (artifact id: '1106f7b1e5ce904300c4a0eeb2fe9f9f') in 0.050301 seconds
  Import took 0.073080 seconds .

========================================================================
Received Import Request.
  Time since last request: 0.000222 seconds.
  path: Assets/Rocket.prefab
  artifactKey: Guid(5f4fdc1fa4f032f40af61f390ccd3931) Importer(815301076,1909f56bfc062723c751e8b465ee728b)
Start importing Assets/Rocket.prefab using Guid(5f4fdc1fa4f032f40af61f390ccd3931) Importer(815301076,1909f56bfc062723c751e8b465ee728b)  -> (artifact id: 'ce6b69cf23b42b300fdd277292ad56d0') in 0.011597 seconds
  Import took 0.046094 seconds .

========================================================================
Received Import Request.
  Time since last request: 3.034089 seconds.
  path: Assets/Plugins
  artifactKey: Guid(1392a172ece42e44fa5fe22b14528d35) Importer(815301076,1909f56bfc062723c751e8b465ee728b)
Start importing Assets/Plugins using Guid(1392a172ece42e44fa5fe22b14528d35) Importer(815301076,1909f56bfc062723c751e8b465ee728b)  -> (artifact id: 'b09a5798f457ac3e92629132815e0ab1') in 0.004642 seconds
  Import took 0.028825 seconds .

========================================================================
Received Import Request.
  Time since last request: 0.572278 seconds.
  path: Assets/Resources
  artifactKey: Guid(478b4d174aa99274fa2498baeba58208) Importer(815301076,1909f56bfc062723c751e8b465ee728b)
Start importing Assets/Resources using Guid(478b4d174aa99274fa2498baeba58208) Importer(815301076,1909f56bfc062723c751e8b465ee728b)  -> (artifact id: 'e6b3f96d8eeb5bd1b84bed83b6bdf8ce') in 0.004694 seconds
  Import took 0.007738 seconds .

========================================================================
Received Import Request.
  Time since last request: 0.386361 seconds.
  path: Assets/Scenes
  artifactKey: Guid(c2e7f42fbe7cd84419435124d3bb2972) Importer(815301076,1909f56bfc062723c751e8b465ee728b)
Start importing Assets/Scenes using Guid(c2e7f42fbe7cd84419435124d3bb2972) Importer(815301076,1909f56bfc062723c751e8b465ee728b)  -> (artifact id: '92c322d08e0867e83d100ecc5f43b051') in 0.004835 seconds
  Import took 0.128179 seconds .

========================================================================
Received Import Request.
  Time since last request: 0.799589 seconds.
  path: Assets/Scenes/SampleScene.unity
  artifactKey: Guid(2cda990e2423bbf4892e6590ba056729) Importer(815301076,1909f56bfc062723c751e8b465ee728b)
Start importing Assets/Scenes/SampleScene.unity using Guid(2cda990e2423bbf4892e6590ba056729) Importer(815301076,1909f56bfc062723c751e8b465ee728b)  -> (artifact id: '1a991d8bc1295b371d1143ac70751501') in 0.004999 seconds
  Import took 0.008297 seconds .

========================================================================
Received Prepare
Registering precompiled user dll's ...
Registered in 0.007183 seconds.
Begin MonoManager ReloadAssembly
Native extension for WindowsStandalone target not found
Native extension for WebGL target not found
Refreshing native plugins compatible for Editor in 0.52 ms, found 3 plugins.
Preloading 0 native plugins for Editor in 0.00 ms.
Mono: successfully reloaded assembly
- Completed reload, in  1.027 seconds
Platform modules already initialized, skipping
Refreshing native plugins compatible for Editor in 0.48 ms, found 3 plugins.
Preloading 0 native plugins for Editor in 0.00 ms.
Unloading 2400 Unused Serialized files (Serialized files now loaded: 0)
System memory in use before: 112.2 MB.
System memory in use after: 112.2 MB.

Unloading 33 unused Assets to reduce memory usage. Loaded Objects now: 2851.
Total: 2.770000 ms (FindLiveObjects: 0.249900 ms CreateObjectMapping: 0.100700 ms MarkObjects: 2.318600 ms  DeleteObjects: 0.099800 ms)

========================================================================
Received Prepare
Registering precompiled user dll's ...
Registered in 0.009011 seconds.
Begin MonoManager ReloadAssembly
Native extension for WindowsStandalone target not found
Native extension for WebGL target not found
Refreshing native plugins compatible for Editor in 0.53 ms, found 3 plugins.
Preloading 0 native plugins for Editor in 0.00 ms.
Mono: successfully reloaded assembly
- Completed reload, in  0.962 seconds
Platform modules already initialized, skipping
Refreshing native plugins compatible for Editor in 0.49 ms, found 3 plugins.
Preloading 0 native plugins for Editor in 0.00 ms.
Unloading 2400 Unused Serialized files (Serialized files now loaded: 0)
System memory in use before: 112.2 MB.
System memory in use after: 112.3 MB.

Unloading 33 unused Assets to reduce memory usage. Loaded Objects now: 2856.
Total: 3.026200 ms (FindLiveObjects: 0.184300 ms CreateObjectMapping: 0.067300 ms MarkObjects: 2.653100 ms  DeleteObjects: 0.120600 ms)

========================================================================
Received Prepare
Registering precompiled user dll's ...
Registered in 0.007384 seconds.
Begin MonoManager ReloadAssembly
Native extension for WindowsStandalone target not found
Native extension for WebGL target not found
Refreshing native plugins compatible for Editor in 0.52 ms, found 3 plugins.
Preloading 0 native plugins for Editor in 0.00 ms.
Mono: successfully reloaded assembly
- Completed reload, in  0.917 seconds
Platform modules already initialized, skipping
Refreshing native plugins compatible for Editor in 0.50 ms, found 3 plugins.
Preloading 0 native plugins for Editor in 0.00 ms.
Unloading 2400 Unused Serialized files (Serialized files now loaded: 0)
System memory in use before: 112.2 MB.
System memory in use after: 112.3 MB.

Unloading 33 unused Assets to reduce memory usage. Loaded Objects now: 2861.
Total: 2.549900 ms (FindLiveObjects: 0.215100 ms CreateObjectMapping: 0.075900 ms MarkObjects: 2.166300 ms  DeleteObjects: 0.091400 ms)

